#
# A fatal error has been detected by the Java Runtime Environment:
#
#  EXCEPTION_ACCESS_VIOLATION (0xc0000005) at pc=0x0000000066b6114e, pid=15936, tid=0x000000000000068c
#
# JRE version: Java(TM) SE Runtime Environment (8.0_181-b13) (build 1.8.0_181-b13)
# Java VM: Java HotSpot(TM) 64-Bit Server VM (25.181-b13 mixed mode windows-amd64 compressed oops)
# Problematic frame:
# V  [jvm.dll+0x1e114e]
#
# Failed to write core dump. Minidumps are not enabled by default on client versions of Windows
#
# If you would like to submit a bug report, please visit:
#   http://bugreport.java.com/bugreport/crash.jsp
#

---------------  T H R E A D  ---------------

Current thread (0x000000001a7b6800):  JavaThread "main-Display-.windows_nil-1-EDT-1" daemon [_thread_in_vm, id=1676, stack(0x000000002aa40000,0x000000002ab40000)]

siginfo: ExceptionCode=0xc0000005, writing address 0x0000000000000000

Registers:
RAX=0x000000003f800000, RBX=0x000000001a7b6800, RCX=0x0000000000000680, RDX=0x000000002ab3edf0
RSP=0x000000002ab3ece0, RBP=0x0000000000000000, RSI=0x0000000000000000, RDI=0x0000000000000000
R8 =0x0000000000000000, R9 =0x0000000000000000, R10=0x0000000002b81dc4, R11=0x0000000066bac6a0
R12=0x0000000000000000, R13=0x0000000016bdf590, R14=0x000000002ab3edf0, R15=0x000000001a7b6800
RIP=0x0000000066b6114e, EFLAGS=0x0000000000010246

Top of Stack: (sp=0x000000002ab3ece0)
0x000000002ab3ece0:   0000000002b656d0 0000000000000000
0x000000002ab3ecf0:   000000002ab3eda8 000000002ab3ed68
0x000000002ab3ed00:   0000000002b67f10 0000000002b81df0
0x000000002ab3ed10:   0000000016bdf590 000000002ab3eda8
0x000000002ab3ed20:   0000000020035f77 000000002ab3ed68
0x000000002ab3ed30:   000000003f800000 0000000002b81988
0x000000002ab3ed40:   000000001a7b6800 0000000016bdf590
0x000000002ab3ed50:   000000002a8d6d40 000000001a7b6800
0x000000002ab3ed60:   0000000002b81942 000000002ab3ed68
0x000000002ab3ed70:   0000000016bdf590 000000002ab3edf0
0x000000002ab3ed80:   0000000016c0edf8 0000000000000000
0x000000002ab3ed90:   0000000016bdf590 0000000000000000
0x000000002ab3eda0:   000000002ab3edc8 000000002ab3ee38
0x000000002ab3edb0:   0000000002b683fd 0000000000000000
0x000000002ab3edc0:   0000000002b77a58 000000003f800000
0x000000002ab3edd0:   000000001a7b6800 0000000000000000 

Instructions: (pc=0x0000000066b6114e)
0x0000000066b6112e:   08 48 8b cb e8 69 26 06 00 c7 83 70 02 00 00 06
0x0000000066b6113e:   00 00 00 48 85 f6 74 03 48 8b 3e 48 8b 44 24 50
0x0000000066b6114e:   48 89 04 2f 48 8b 7b 48 48 8b 47 10 48 8b 77 08
0x0000000066b6115e:   48 83 38 00 74 15 48 8b 57 28 48 8b ce e8 30 d8 


Register to memory mapping:

RAX=0x000000003f800000 is an unknown value
RBX=0x000000001a7b6800 is a thread
RCX=0x0000000000000680 is an unknown value
RDX=0x000000002ab3edf0 is pointing into the stack for thread: 0x000000001a7b6800
RSP=0x000000002ab3ece0 is pointing into the stack for thread: 0x000000001a7b6800
RBP=0x0000000000000000 is an unknown value
RSI=0x0000000000000000 is an unknown value
RDI=0x0000000000000000 is an unknown value
R8 =0x0000000000000000 is an unknown value
R9 =0x0000000000000000 is an unknown value
R10=0x0000000002b81dc4 is at code_begin+1700 in an Interpreter codelet
method entry point (kind = native)  [0x0000000002b81720, 0x0000000002b827e0]  4288 bytes
R11=0x0000000066bac6a0 is an unknown value
R12=0x0000000000000000 is an unknown value
R13={method} {0x0000000016bdf598} 'putLong' '(Ljava/lang/Object;JJ)V' in 'sun/misc/Unsafe'
R14=0x000000002ab3edf0 is pointing into the stack for thread: 0x000000001a7b6800
R15=0x000000001a7b6800 is a thread


Stack: [0x000000002aa40000,0x000000002ab40000],  sp=0x000000002ab3ece0,  free space=1019k
Native frames: (J=compiled Java code, j=interpreted, Vv=VM code, C=native code)

Java frames: (J=compiled Java code, j=interpreted, Vv=VM code)
j  sun.misc.Unsafe.putLong(Ljava/lang/Object;JJ)V+0
j  org.joml.internal.MemUtil$MemUtilUnsafe.putLong(Ljava/lang/Object;JJ)V+6
j  org.joml.internal.MemUtil$MemUtilUnsafe.put(Lorg/joml/Matrix4f;J)V+34
j  org.joml.internal.MemUtil$MemUtilUnsafe.put(Lorg/joml/Matrix4f;ILjava/nio/FloatBuffer;)V+28
j  org.joml.Matrix4f.get(ILjava/nio/FloatBuffer;)Ljava/nio/FloatBuffer;+6
j  org.joml.Matrix4f.get(Ljava/nio/FloatBuffer;)Ljava/nio/FloatBuffer;+6
j  com.movlad.semviz.TestEventListener.display(Lcom/jogamp/opengl/GLAutoDrawable;)V+74
j  jogamp.opengl.GLDrawableHelper.displayImpl(Lcom/jogamp/opengl/GLAutoDrawable;)V+62
j  jogamp.opengl.GLDrawableHelper.display(Lcom/jogamp/opengl/GLAutoDrawable;)V+2
j  jogamp.opengl.GLAutoDrawableBase$2.run()V+59
j  jogamp.opengl.GLDrawableHelper.invokeGLImpl(Lcom/jogamp/opengl/GLDrawable;Lcom/jogamp/opengl/GLContext;Ljava/lang/Runnable;Ljava/lang/Runnable;)V+205
j  jogamp.opengl.GLDrawableHelper.invokeGL(Lcom/jogamp/opengl/GLDrawable;Lcom/jogamp/opengl/GLContext;Ljava/lang/Runnable;Ljava/lang/Runnable;)V+75
j  com.jogamp.newt.opengl.GLWindow.display()V+90
j  jogamp.opengl.GLAutoDrawableBase.defaultWindowResizedOp(II)V+206
j  com.jogamp.newt.opengl.GLWindow.access$200(Lcom/jogamp/newt/opengl/GLWindow;II)V+3
j  com.jogamp.newt.opengl.GLWindow$2.windowResized(Lcom/jogamp/newt/event/WindowEvent;)V+18
j  jogamp.newt.WindowImpl.consumeWindowEvent(Lcom/jogamp/newt/event/WindowEvent;)V+234
j  jogamp.newt.WindowImpl.sendWindowEvent(I)V+14
j  jogamp.newt.WindowImpl.setVisibleActionImpl(Z)V+692
j  jogamp.newt.WindowImpl$VisibleAction.run()V+8
j  com.jogamp.common.util.RunnableTask.run()V+198
j  jogamp.newt.DefaultEDTUtil$NEDT.run()V+221
v  ~StubRoutines::call_stub

---------------  P R O C E S S  ---------------

Java Threads: ( => current thread )
=>0x000000001a7b6800 JavaThread "main-Display-.windows_nil-1-EDT-1" daemon [_thread_in_vm, id=1676, stack(0x000000002aa40000,0x000000002ab40000)]
  0x000000001f93a800 JavaThread "main-SharedResourceRunner" daemon [_thread_blocked, id=18864, stack(0x0000000020670000,0x0000000020770000)]
  0x000000001c182000 JavaThread "AWT-Windows" daemon [_thread_in_native, id=13364, stack(0x000000001e290000,0x000000001e390000)]
  0x000000001bd1a800 JavaThread "Java2D Disposer" daemon [_thread_blocked, id=11116, stack(0x000000001e090000,0x000000001e190000)]
  0x0000000019f0e000 JavaThread "ReaderThread" [_thread_in_native, id=14160, stack(0x000000001b270000,0x000000001b370000)]
  0x0000000019497800 JavaThread "Service Thread" daemon [_thread_blocked, id=18644, stack(0x00000000198a0000,0x00000000199a0000)]
  0x00000000194e1800 JavaThread "C1 CompilerThread2" daemon [_thread_blocked, id=5944, stack(0x00000000197a0000,0x00000000198a0000)]
  0x00000000194e0800 JavaThread "C2 CompilerThread1" daemon [_thread_blocked, id=17820, stack(0x00000000196a0000,0x00000000197a0000)]
  0x00000000194d7000 JavaThread "C2 CompilerThread0" daemon [_thread_blocked, id=8068, stack(0x00000000195a0000,0x00000000196a0000)]
  0x000000001751f800 JavaThread "JDWP Command Reader" daemon [_thread_in_native, id=6376, stack(0x00000000190a0000,0x00000000191a0000)]
  0x000000001751c800 JavaThread "JDWP Event Helper Thread" daemon [_thread_blocked, id=9556, stack(0x0000000018fa0000,0x00000000190a0000)]
  0x0000000017505000 JavaThread "JDWP Transport Listener: dt_socket" daemon [_thread_blocked, id=15496, stack(0x0000000018ea0000,0x0000000018fa0000)]
  0x000000001750e000 JavaThread "Attach Listener" daemon [_thread_blocked, id=10184, stack(0x0000000018a60000,0x0000000018b60000)]
  0x000000001750d000 JavaThread "Signal Dispatcher" daemon [_thread_blocked, id=2864, stack(0x0000000018960000,0x0000000018a60000)]
  0x00000000174ef800 JavaThread "Finalizer" daemon [_thread_blocked, id=18784, stack(0x0000000018770000,0x0000000018870000)]
  0x00000000174c9000 JavaThread "Reference Handler" daemon [_thread_blocked, id=16332, stack(0x0000000018670000,0x0000000018770000)]
  0x0000000002a65800 JavaThread "main" [_thread_blocked, id=8276, stack(0x0000000002860000,0x0000000002960000)]

Other Threads:
  0x00000000174c8000 VMThread [stack: 0x0000000018570000,0x0000000018670000] [id=2196]
  0x0000000019410000 WatcherThread [stack: 0x00000000199a0000,0x0000000019aa0000] [id=8336]

VM state:not at safepoint (normal execution)

VM Mutex/Monitor currently owned by a thread: None

Heap:
 PSYoungGen      total 36864K, used 11830K [0x00000000d6c00000, 0x00000000db400000, 0x0000000100000000)
  eden space 31744K, 21% used [0x00000000d6c00000,0x00000000d7293510,0x00000000d8b00000)
  from space 5120K, 99% used [0x00000000d9000000,0x00000000d94fa310,0x00000000d9500000)
  to   space 5120K, 0% used [0x00000000d8b00000,0x00000000d8b00000,0x00000000d9000000)
 ParOldGen       total 84992K, used 3854K [0x0000000084400000, 0x0000000089700000, 0x00000000d6c00000)
  object space 84992K, 4% used [0x0000000084400000,0x00000000847c3a20,0x0000000089700000)
 Metaspace       used 19345K, capacity 20086K, committed 20352K, reserved 1067008K
  class space    used 1919K, capacity 2079K, committed 2176K, reserved 1048576K

Card table byte_map: [0x0000000011f20000,0x0000000012300000] byte_map_base: 0x0000000011afe000

Marking Bits: (ParMarkBitMap*) 0x00000000671a2d00
 Begin Bits: [0x00000000129a0000, 0x0000000014890000)
 End Bits:   [0x0000000014890000, 0x0000000016780000)

Polling page: 0x0000000000a40000

CodeCache: size=245760Kb used=7633Kb max_used=7732Kb free=238126Kb
 bounds [0x0000000002b60000, 0x0000000003300000, 0x0000000011b60000]
 total_blobs=2356 nmethods=1547 adapters=730
 compilation: enabled

Compilation events (10 events):
Event: 7.152 Thread 0x00000000194e1800 nmethod 1566 0x00000000032c7890 code [0x00000000032c7a20, 0x00000000032c7da8]
Event: 7.156 Thread 0x00000000194e1800 1567   !   3       java.io.BufferedReader::readLine (304 bytes)
Event: 7.158 Thread 0x00000000194e1800 nmethod 1567 0x00000000032c7f50 code [0x00000000032c8200, 0x00000000032c9b28]
Event: 7.158 Thread 0x00000000194e1800 1568       3       java.lang.Character::getType (9 bytes)
Event: 7.158 Thread 0x00000000194e1800 nmethod 1568 0x00000000032ca9d0 code [0x00000000032cab40, 0x00000000032cad78]
Event: 7.158 Thread 0x00000000194e1800 1569       3       java.lang.CharacterDataLatin1::getType (11 bytes)
Event: 7.159 Thread 0x00000000194e1800 nmethod 1569 0x00000000032cae50 code [0x00000000032cafc0, 0x00000000032cb1b0]
Event: 7.363 Thread 0x00000000194d7000 nmethod 1490% 0x00000000032d9a90 code [0x00000000032da4a0, 0x00000000032e5d58]
Event: 15.702 Thread 0x00000000194e1800 1570       3       java.lang.Float::floatValue (5 bytes)
Event: 15.702 Thread 0x00000000194e1800 nmethod 1570 0x00000000032d9790 code [0x00000000032d98e0, 0x00000000032d9a30]

GC Heap History (8 events):
Event: 1.087 GC heap before
{Heap before GC invocations=1 (full 0):
 PSYoungGen      total 36864K, used 31744K [0x00000000d6c00000, 0x00000000d9500000, 0x0000000100000000)
  eden space 31744K, 100% used [0x00000000d6c00000,0x00000000d8b00000,0x00000000d8b00000)
  from space 5120K, 0% used [0x00000000d9000000,0x00000000d9000000,0x00000000d9500000)
  to   space 5120K, 0% used [0x00000000d8b00000,0x00000000d8b00000,0x00000000d9000000)
 ParOldGen       total 84992K, used 0K [0x0000000084400000, 0x0000000089700000, 0x00000000d6c00000)
  object space 84992K, 0% used [0x0000000084400000,0x0000000084400000,0x0000000089700000)
 Metaspace       used 8600K, capacity 8992K, committed 9088K, reserved 1056768K
  class space    used 989K, capacity 1094K, committed 1152K, reserved 1048576K
Event: 1.092 GC heap after
Heap after GC invocations=1 (full 0):
 PSYoungGen      total 36864K, used 4066K [0x00000000d6c00000, 0x00000000d9500000, 0x0000000100000000)
  eden space 31744K, 0% used [0x00000000d6c00000,0x00000000d6c00000,0x00000000d8b00000)
  from space 5120K, 79% used [0x00000000d8b00000,0x00000000d8ef8b50,0x00000000d9000000)
  to   space 5120K, 0% used [0x00000000d9000000,0x00000000d9000000,0x00000000d9500000)
 ParOldGen       total 84992K, used 16K [0x0000000084400000, 0x0000000089700000, 0x00000000d6c00000)
  object space 84992K, 0% used [0x0000000084400000,0x0000000084404000,0x0000000089700000)
 Metaspace       used 8600K, capacity 8992K, committed 9088K, reserved 1056768K
  class space    used 989K, capacity 1094K, committed 1152K, reserved 1048576K
}
Event: 2.122 GC heap before
{Heap before GC invocations=2 (full 0):
 PSYoungGen      total 36864K, used 35810K [0x00000000d6c00000, 0x00000000d9500000, 0x0000000100000000)
  eden space 31744K, 100% used [0x00000000d6c00000,0x00000000d8b00000,0x00000000d8b00000)
  from space 5120K, 79% used [0x00000000d8b00000,0x00000000d8ef8b50,0x00000000d9000000)
  to   space 5120K, 0% used [0x00000000d9000000,0x00000000d9000000,0x00000000d9500000)
 ParOldGen       total 84992K, used 16K [0x0000000084400000, 0x0000000089700000, 0x00000000d6c00000)
  object space 84992K, 0% used [0x0000000084400000,0x0000000084404000,0x0000000089700000)
 Metaspace       used 13126K, capacity 13834K, committed 14080K, reserved 1060864K
  class space    used 1562K, capacity 1728K, committed 1792K, reserved 1048576K
Event: 2.134 GC heap after
Heap after GC invocations=2 (full 0):
 PSYoungGen      total 36864K, used 5105K [0x00000000d6c00000, 0x00000000d9500000, 0x0000000100000000)
  eden space 31744K, 0% used [0x00000000d6c00000,0x00000000d6c00000,0x00000000d8b00000)
  from space 5120K, 99% used [0x00000000d9000000,0x00000000d94fc630,0x00000000d9500000)
  to   space 5120K, 0% used [0x00000000d8b00000,0x00000000d8b00000,0x00000000d9000000)
 ParOldGen       total 84992K, used 3309K [0x0000000084400000, 0x0000000089700000, 0x00000000d6c00000)
  object space 84992K, 3% used [0x0000000084400000,0x000000008473b630,0x0000000089700000)
 Metaspace       used 13126K, capacity 13834K, committed 14080K, reserved 1060864K
  class space    used 1562K, capacity 1728K, committed 1792K, reserved 1048576K
}
Event: 6.337 GC heap before
{Heap before GC invocations=3 (full 0):
 PSYoungGen      total 36864K, used 36849K [0x00000000d6c00000, 0x00000000d9500000, 0x0000000100000000)
  eden space 31744K, 100% used [0x00000000d6c00000,0x00000000d8b00000,0x00000000d8b00000)
  from space 5120K, 99% used [0x00000000d9000000,0x00000000d94fc630,0x00000000d9500000)
  to   space 5120K, 0% used [0x00000000d8b00000,0x00000000d8b00000,0x00000000d9000000)
 ParOldGen       total 84992K, used 3309K [0x0000000084400000, 0x0000000089700000, 0x00000000d6c00000)
  object space 84992K, 3% used [0x0000000084400000,0x000000008473b630,0x0000000089700000)
 Metaspace       used 16678K, capacity 17334K, committed 17536K, reserved 1064960K
  class space    used 1734K, capacity 1887K, committed 1920K, reserved 1048576K
Event: 6.345 GC heap after
Heap after GC invocations=3 (full 0):
 PSYoungGen      total 36864K, used 4175K [0x00000000d6c00000, 0x00000000d9500000, 0x0000000100000000)
  eden space 31744K, 0% used [0x00000000d6c00000,0x00000000d6c00000,0x00000000d8b00000)
  from space 5120K, 81% used [0x00000000d8b00000,0x00000000d8f13d58,0x00000000d9000000)
  to   space 5120K, 0% used [0x00000000d9000000,0x00000000d9000000,0x00000000d9500000)
 ParOldGen       total 84992K, used 3309K [0x0000000084400000, 0x0000000089700000, 0x00000000d6c00000)
  object space 84992K, 3% used [0x0000000084400000,0x000000008473b630,0x0000000089700000)
 Metaspace       used 16678K, capacity 17334K, committed 17536K, reserved 1064960K
  class space    used 1734K, capacity 1887K, committed 1920K, reserved 1048576K
}
Event: 6.961 GC heap before
{Heap before GC invocations=4 (full 0):
 PSYoungGen      total 36864K, used 35919K [0x00000000d6c00000, 0x00000000d9500000, 0x0000000100000000)
  eden space 31744K, 100% used [0x00000000d6c00000,0x00000000d8b00000,0x00000000d8b00000)
  from space 5120K, 81% used [0x00000000d8b00000,0x00000000d8f13d58,0x00000000d9000000)
  to   space 5120K, 0% used [0x00000000d9000000,0x00000000d9000000,0x00000000d9500000)
 ParOldGen       total 84992K, used 3309K [0x0000000084400000, 0x0000000089700000, 0x00000000d6c00000)
  object space 84992K, 3% used [0x0000000084400000,0x000000008473b630,0x0000000089700000)
 Metaspace       used 18615K, capacity 19350K, committed 19456K, reserved 1067008K
  class space    used 1882K, capacity 2047K, committed 2048K, reserved 1048576K
Event: 7.003 GC heap after
Heap after GC invocations=4 (full 0):
 PSYoungGen      total 36864K, used 5096K [0x00000000d6c00000, 0x00000000db400000, 0x0000000100000000)
  eden space 31744K, 0% used [0x00000000d6c00000,0x00000000d6c00000,0x00000000d8b00000)
  from space 5120K, 99% used [0x00000000d9000000,0x00000000d94fa310,0x00000000d9500000)
  to   space 5120K, 0% used [0x00000000d8b00000,0x00000000d8b00000,0x00000000d9000000)
 ParOldGen       total 84992K, used 3854K [0x0000000084400000, 0x0000000089700000, 0x00000000d6c00000)
  object space 84992K, 4% used [0x0000000084400000,0x00000000847c3a20,0x0000000089700000)
 Metaspace       used 18615K, capacity 19350K, committed 19456K, reserved 1067008K
  class space    used 1882K, capacity 2047K, committed 2048K, reserved 1048576K
}

Deoptimization events (10 events):
Event: 6.718 Thread 0x0000000002a65800 Uncommon trap: reason=unstable_if action=reinterpret pc=0x0000000002f1850c method=org.eclipse.jdt.launching.internal.org.objectweb.asm.SymbolTable.addConstantUtf8Reference(ILjava/lang/String;)Lorg/eclipse/jdt/launching/internal/org/objectweb/asm/Symbol; @
Event: 6.746 Thread 0x0000000002a65800 Uncommon trap: reason=unstable_if action=reinterpret pc=0x00000000031c4414 method=org.eclipse.jdt.launching.internal.org.objectweb.asm.SymbolTable.addConstantInteger(II)Lorg/eclipse/jdt/launching/internal/org/objectweb/asm/Symbol; @ 44
Event: 6.747 Thread 0x0000000002a65800 Uncommon trap: reason=unstable_if action=reinterpret pc=0x0000000003188fbc method=org.eclipse.jdt.launching.internal.org.objectweb.asm.SymbolTable.addConstantInteger(II)Lorg/eclipse/jdt/launching/internal/org/objectweb/asm/Symbol; @ 44
Event: 6.772 Thread 0x0000000002a65800 Uncommon trap: reason=unstable_if action=reinterpret pc=0x00000000031e0774 method=java.lang.reflect.AccessibleObject.setAccessible0(Ljava/lang/reflect/AccessibleObject;Z)V @ 4
Event: 6.841 Thread 0x0000000002a65800 Uncommon trap: reason=unstable_if action=reinterpret pc=0x0000000003261d68 method=org.eclipse.jdt.launching.internal.org.objectweb.asm.MethodWriter.computeMethodInfoSize()I @ 358
Event: 6.841 Thread 0x0000000002a65800 Uncommon trap: reason=unstable_if action=reinterpret pc=0x000000000316e9ac method=org.eclipse.jdt.launching.internal.org.objectweb.asm.MethodWriter.putMethodInfo(Lorg/eclipse/jdt/launching/internal/org/objectweb/asm/ByteVector;)V @ 9
Event: 6.856 Thread 0x0000000002a65800 Uncommon trap: reason=unstable_if action=reinterpret pc=0x0000000003036028 method=org.eclipse.jdt.launching.internal.org.objectweb.asm.Type.getArgumentsAndReturnSizes(Ljava/lang/String;)I @ 121
Event: 6.859 Thread 0x0000000002a65800 Uncommon trap: reason=unstable_if action=reinterpret pc=0x00000000031907e4 method=org.eclipse.jdt.launching.internal.org.objectweb.asm.FieldWriter.putFieldInfo(Lorg/eclipse/jdt/launching/internal/org/objectweb/asm/ByteVector;)V @ 9
Event: 6.916 Thread 0x0000000002a65800 Uncommon trap: reason=unstable_if action=reinterpret pc=0x0000000003155cc4 method=org.eclipse.jdt.launching.internal.org.objectweb.asm.FieldWriter.computeFieldInfoSize()I @ 43
Event: 7.009 Thread 0x0000000002a65800 Uncommon trap: reason=unstable_if action=reinterpret pc=0x00000000032aa81c method=org.eclipse.jdt.launching.internal.org.objectweb.asm.Type.getArgumentsAndReturnSizes(Ljava/lang/String;)I @ 25

Classes redefined (0 events):
No events

Internal exceptions (10 events):
Event: 0.840 Thread 0x0000000002a65800 Exception <a 'java/lang/NoSuchMethodError': java.lang.Object.lambda$or$2(Ljava/util/function/Predicate;Ljava/lang/Object;)Z> (0x00000000d81defd8) thrown at [C:\re\workspace\8-2-build-windows-amd64-cygwin\jdk8u181\11358\hotspot\src\share\vm\interpreter\lin
Event: 0.884 Thread 0x0000000002a65800 Exception <a 'java/lang/IncompatibleClassChangeError': Found class java.lang.Object, but interface was expected> (0x00000000d847fbc0) thrown at [C:\re\workspace\8-2-build-windows-amd64-cygwin\jdk8u181\11358\hotspot\src\share\vm\interpreter\linkResolver.cp
Event: 0.963 Thread 0x0000000002a65800 Exception <a 'java/lang/NoSuchMethodError': java.lang.Object.lambda$andThen$1(Ljava/util/function/Function;Ljava/lang/Object;)Ljava/lang/Object;> (0x00000000d8728388) thrown at [C:\re\workspace\8-2-build-windows-amd64-cygwin\jdk8u181\11358\hotspot\src\sha
Event: 1.027 Thread 0x0000000002a65800 Exception <a 'java/lang/NoSuchMethodError': java.lang.Object.lambda$accept$0(Lorg/junit/platform/engine/TestDescriptor$Visitor;Lorg/junit/platform/engine/TestDescriptor;)V> (0x00000000d8905dc0) thrown at [C:\re\workspace\8-2-build-windows-amd64-cygwin\jdk
Event: 1.030 Thread 0x0000000002a65800 Exception <a 'java/lang/IncompatibleClassChangeError': Found class java.lang.Object, but interface was expected> (0x00000000d89214a8) thrown at [C:\re\workspace\8-2-build-windows-amd64-cygwin\jdk8u181\11358\hotspot\src\share\vm\interpreter\linkResolver.cp
Event: 1.034 Thread 0x0000000002a65800 Exception <a 'java/lang/NoSuchMethodError': java.lang.Object.containsTests(Lorg/junit/platform/engine/TestDescriptor;)Z> (0x00000000d892e9c8) thrown at [C:\re\workspace\8-2-build-windows-amd64-cygwin\jdk8u181\11358\hotspot\src\share\vm\interpreter\linkRes
Event: 1.245 Thread 0x0000000002a65800 Exception <a 'java/lang/NoSuchMethodError': java.lang.Object.lambda$and$0(Ljava/util/function/Predicate;Ljava/lang/Object;)Z> (0x00000000d7279390) thrown at [C:\re\workspace\8-2-build-windows-amd64-cygwin\jdk8u181\11358\hotspot\src\share\vm\interpreter\li
Event: 1.347 Thread 0x0000000002a65800 Implicit null exception at 0x0000000002e3c399 to 0x0000000002e3c881
Event: 2.001 Thread 0x0000000002a65800 Exception <a 'java/io/FileNotFoundException'> (0x00000000d8001d88) thrown at [C:\re\workspace\8-2-build-windows-amd64-cygwin\jdk8u181\11358\hotspot\src\share\vm\prims\jni.cpp, line 709]
Event: 2.050 Thread 0x0000000002a65800 Exception <a 'java/io/FileNotFoundException'> (0x00000000d8164c18) thrown at [C:\re\workspace\8-2-build-windows-amd64-cygwin\jdk8u181\11358\hotspot\src\share\vm\prims\jni.cpp, line 709]

Events (10 events):
Event: 42.869 Executing VM operation: ChangeSingleStep
Event: 42.869 Executing VM operation: ChangeSingleStep done
Event: 42.870 Executing VM operation: GetOrSetLocal
Event: 42.870 Executing VM operation: GetOrSetLocal done
Event: 42.871 Executing VM operation: ChangeSingleStep
Event: 42.872 Executing VM operation: ChangeSingleStep done
Event: 42.881 Executing VM operation: EnterInterpOnlyMode
Event: 42.881 Executing VM operation: EnterInterpOnlyMode done
Event: 42.882 Executing VM operation: GetOrSetLocal
Event: 42.883 Executing VM operation: GetOrSetLocal done


Dynamic libraries:
0x00007ff7c7520000 - 0x00007ff7c7557000 	C:\Program Files\Java\jdk1.8.0_181\bin\javaw.exe
0x00007ffa41f40000 - 0x00007ffa42121000 	C:\WINDOWS\SYSTEM32\ntdll.dll
0x00007ffa41bc0000 - 0x00007ffa41c72000 	C:\WINDOWS\System32\KERNEL32.DLL
0x00007ffa3e310000 - 0x00007ffa3e583000 	C:\WINDOWS\System32\KERNELBASE.dll
0x00007ffa40280000 - 0x00007ffa40321000 	C:\WINDOWS\System32\ADVAPI32.dll
0x00007ffa41e60000 - 0x00007ffa41efe000 	C:\WINDOWS\System32\msvcrt.dll
0x00007ffa403b0000 - 0x00007ffa4040b000 	C:\WINDOWS\System32\sechost.dll
0x00007ffa3f580000 - 0x00007ffa3f6a4000 	C:\WINDOWS\System32\RPCRT4.dll
0x00007ffa3f6e0000 - 0x00007ffa3f870000 	C:\WINDOWS\System32\USER32.dll
0x00007ffa3f3b0000 - 0x00007ffa3f3d0000 	C:\WINDOWS\System32\win32u.dll
0x00007ffa3fe80000 - 0x00007ffa3fea8000 	C:\WINDOWS\System32\GDI32.dll
0x00007ffa3f170000 - 0x00007ffa3f302000 	C:\WINDOWS\System32\gdi32full.dll
0x00007ffa3f310000 - 0x00007ffa3f3af000 	C:\WINDOWS\System32\msvcp_win.dll
0x00007ffa3e8b0000 - 0x00007ffa3e9aa000 	C:\WINDOWS\System32\ucrtbase.dll
0x00007ffa30b40000 - 0x00007ffa30da9000 	C:\WINDOWS\WinSxS\amd64_microsoft.windows.common-controls_6595b64144ccf1df_6.0.17134.407_none_fb449d63306391e9\COMCTL32.dll
0x00007ffa41860000 - 0x00007ffa41b82000 	C:\WINDOWS\System32\combase.dll
0x00007ffa3e640000 - 0x00007ffa3e6ba000 	C:\WINDOWS\System32\bcryptPrimitives.dll
0x00007ffa3f6b0000 - 0x00007ffa3f6dd000 	C:\WINDOWS\System32\IMM32.DLL
0x0000000067230000 - 0x0000000067302000 	C:\Program Files\Java\jdk1.8.0_181\jre\bin\msvcr100.dll
0x0000000066980000 - 0x0000000067222000 	C:\Program Files\Java\jdk1.8.0_181\jre\bin\server\jvm.dll
0x00007ffa41f00000 - 0x00007ffa41f08000 	C:\WINDOWS\System32\PSAPI.DLL
0x00007ffa2e520000 - 0x00007ffa2e529000 	C:\WINDOWS\SYSTEM32\WSOCK32.dll
0x00007ffa40210000 - 0x00007ffa4027c000 	C:\WINDOWS\System32\WS2_32.dll
0x00007ffa3bdc0000 - 0x00007ffa3bde3000 	C:\WINDOWS\SYSTEM32\WINMM.dll
0x00007ffa2e0c0000 - 0x00007ffa2e0ca000 	C:\WINDOWS\SYSTEM32\VERSION.dll
0x00007ffa3bd90000 - 0x00007ffa3bdba000 	C:\WINDOWS\SYSTEM32\winmmbase.dll
0x00007ffa3ea10000 - 0x00007ffa3ea59000 	C:\WINDOWS\System32\cfgmgr32.dll
0x0000000066970000 - 0x000000006697f000 	C:\Program Files\Java\jdk1.8.0_181\jre\bin\verify.dll
0x0000000066940000 - 0x0000000066969000 	C:\Program Files\Java\jdk1.8.0_181\jre\bin\java.dll
0x0000000066900000 - 0x0000000066935000 	C:\Program Files\Java\jdk1.8.0_181\jre\bin\jdwp.dll
0x00000000668f0000 - 0x00000000668f8000 	C:\Program Files\Java\jdk1.8.0_181\jre\bin\npt.dll
0x00000000668c0000 - 0x00000000668e3000 	C:\Program Files\Java\jdk1.8.0_181\jre\bin\instrument.dll
0x00000000668a0000 - 0x00000000668b6000 	C:\Program Files\Java\jdk1.8.0_181\jre\bin\zip.dll
0x00007ffa40420000 - 0x00007ffa4185f000 	C:\WINDOWS\System32\SHELL32.dll
0x00007ffa3f3d0000 - 0x00007ffa3f479000 	C:\WINDOWS\System32\shcore.dll
0x00007ffa3ea60000 - 0x00007ffa3f16d000 	C:\WINDOWS\System32\windows.storage.dll
0x00007ffa41c80000 - 0x00007ffa41cd1000 	C:\WINDOWS\System32\shlwapi.dll
0x00007ffa3e2f0000 - 0x00007ffa3e301000 	C:\WINDOWS\System32\kernel.appcore.dll
0x00007ffa3e280000 - 0x00007ffa3e29f000 	C:\WINDOWS\System32\profapi.dll
0x00007ffa3e2a0000 - 0x00007ffa3e2ec000 	C:\WINDOWS\System32\powrprof.dll
0x00007ffa3e270000 - 0x00007ffa3e27a000 	C:\WINDOWS\System32\FLTLIB.DLL
0x0000000066890000 - 0x0000000066899000 	C:\Program Files\Java\jdk1.8.0_181\jre\bin\dt_socket.dll
0x00007ffa2a370000 - 0x00007ffa2a386000 	C:\WINDOWS\system32\napinsp.dll
0x00007ffa2a2b0000 - 0x00007ffa2a2ca000 	C:\WINDOWS\system32\pnrpnsp.dll
0x00007ffa3aa40000 - 0x00007ffa3aa59000 	C:\WINDOWS\system32\NLAapi.dll
0x00007ffa3dad0000 - 0x00007ffa3db36000 	C:\WINDOWS\System32\mswsock.dll
0x00007ffa3d8a0000 - 0x00007ffa3d95e000 	C:\WINDOWS\SYSTEM32\DNSAPI.dll
0x00007ffa40410000 - 0x00007ffa40418000 	C:\WINDOWS\System32\NSI.dll
0x00007ffa3d850000 - 0x00007ffa3d888000 	C:\WINDOWS\SYSTEM32\IPHLPAPI.DLL
0x00007ffa2a2a0000 - 0x00007ffa2a2ae000 	C:\WINDOWS\System32\winrnr.dll
0x00007ffa32850000 - 0x00007ffa32865000 	C:\WINDOWS\System32\wshbth.dll
0x00007ffa30790000 - 0x00007ffa30802000 	C:\WINDOWS\System32\fwpuclnt.dll
0x00007ffa3ddb0000 - 0x00007ffa3ddd5000 	C:\WINDOWS\SYSTEM32\bcrypt.dll
0x00007ffa301c0000 - 0x00007ffa301ca000 	C:\Windows\System32\rasadhlp.dll
0x0000000066870000 - 0x000000006688a000 	C:\Program Files\Java\jdk1.8.0_181\jre\bin\net.dll
0x00007ffa3dc80000 - 0x00007ffa3dc97000 	C:\WINDOWS\SYSTEM32\CRYPTSP.dll
0x00007ffa3d6b0000 - 0x00007ffa3d6e3000 	C:\WINDOWS\system32\rsaenh.dll
0x00007ffa3e180000 - 0x00007ffa3e1a8000 	C:\WINDOWS\SYSTEM32\USERENV.dll
0x00007ffa3dca0000 - 0x00007ffa3dcab000 	C:\WINDOWS\SYSTEM32\CRYPTBASE.dll
0x00007ffa32390000 - 0x00007ffa323a6000 	C:\WINDOWS\SYSTEM32\dhcpcsvc6.DLL
0x00007ffa32370000 - 0x00007ffa3238a000 	C:\WINDOWS\SYSTEM32\dhcpcsvc.DLL
0x0000000066850000 - 0x0000000066861000 	C:\Program Files\Java\jdk1.8.0_181\jre\bin\nio.dll
0x00007ffa3c590000 - 0x00007ffa3c61b000 	C:\WINDOWS\system32\apphelp.dll
0x00000000637c0000 - 0x00000000637cd000 	C:\Users\Vlad\AppData\Local\Temp\jogamp_0000\file_cache\jln1850770834774853415\jln746630738749921452\natives\windows-amd64\gluegen-rt.dll
0x00000000666b0000 - 0x0000000066849000 	C:\Program Files\Java\jdk1.8.0_181\jre\bin\awt.dll
0x00007ffa3fcc0000 - 0x00007ffa3fd82000 	C:\WINDOWS\System32\OLEAUT32.dll
0x00007ffa3c750000 - 0x00007ffa3c7e8000 	C:\WINDOWS\system32\uxtheme.dll
0x00007ffa41ce0000 - 0x00007ffa41e53000 	C:\WINDOWS\System32\MSCTF.dll
0x00007ffa3c9a0000 - 0x00007ffa3c9c9000 	C:\WINDOWS\system32\dwmapi.dll
0x00007ffa3feb0000 - 0x00007ffa40001000 	C:\WINDOWS\System32\ole32.dll
0x00000000666a0000 - 0x00000000666a7000 	C:\Program Files\Java\jdk1.8.0_181\jre\bin\jawt.dll
0x000000006a440000 - 0x000000006a44d000 	C:\Users\Vlad\AppData\Local\Temp\jogamp_0000\file_cache\jln1850770834774853415\jln746630738749921452\natives\windows-amd64\nativewindow_awt.dll
0x00007ffa2b140000 - 0x00007ffa2b260000 	C:\WINDOWS\system32\opengl32.dll
0x00007ffa2adc0000 - 0x00007ffa2adec000 	C:\WINDOWS\SYSTEM32\GLU32.dll
0x000000006c100000 - 0x000000006c10f000 	C:\Users\Vlad\AppData\Local\Temp\jogamp_0000\file_cache\jln1850770834774853415\jln746630738749921452\natives\windows-amd64\nativewindow_win32.dll
0x0000000064500000 - 0x00000000645b1000 	C:\Users\Vlad\AppData\Local\Temp\jogamp_0000\file_cache\jln1850770834774853415\jln746630738749921452\natives\windows-amd64\jogl_desktop.dll
0x0000000064340000 - 0x00000000643a2000 	C:\Users\Vlad\AppData\Local\Temp\jogamp_0000\file_cache\jln1850770834774853415\jln746630738749921452\natives\windows-amd64\jogl_mobile.dll
0x00007ff9e57b0000 - 0x00007ff9e666f000 	C:\WINDOWS\System32\DriverStore\FileRepository\k127371.inf_amd64_7792492e4c1ee038\ig9icd64.dll
0x00007ffa3aed0000 - 0x00007ffa3aee3000 	C:\WINDOWS\SYSTEM32\WTSAPI32.dll
0x00007ffa3d010000 - 0x00007ffa3d0cb000 	C:\WINDOWS\SYSTEM32\dxgi.dll
0x00007ffa35720000 - 0x00007ffa374b5000 	C:\WINDOWS\System32\DriverStore\FileRepository\k127371.inf_amd64_7792492e4c1ee038\igc64.dll
0x000000006cbc0000 - 0x000000006cbd3000 	C:\Users\Vlad\AppData\Local\Temp\jogamp_0000\file_cache\jln1850770834774853415\jln746630738749921452\natives\windows-amd64\newt.dll
0x00007ffa2e880000 - 0x00007ffa2e928000 	C:\WINDOWS\SYSTEM32\mscms.dll
0x00007ffa3ab70000 - 0x00007ffa3ab80000 	C:\WINDOWS\SYSTEM32\ColorAdapterClient.dll
0x00007ffa23fe0000 - 0x00007ffa24023000 	C:\WINDOWS\SYSTEM32\icm32.dll
0x00007ffa3f870000 - 0x00007ffa3fcbb000 	C:\WINDOWS\System32\setupapi.dll
0x00007ffa3e080000 - 0x00007ffa3e0a7000 	C:\WINDOWS\SYSTEM32\DEVOBJ.dll
0x00007ffa3e9b0000 - 0x00007ffa3ea07000 	C:\WINDOWS\System32\WINTRUST.dll
0x00007ffa3e250000 - 0x00007ffa3e262000 	C:\WINDOWS\System32\MSASN1.dll
0x00007ffa3e6c0000 - 0x00007ffa3e8a2000 	C:\WINDOWS\System32\CRYPT32.dll
0x00007ffa33ef0000 - 0x00007ffa33f86000 	C:\WINDOWS\System32\TextInputFramework.dll
0x00007ffa396a0000 - 0x00007ffa399be000 	C:\WINDOWS\System32\CoreUIComponents.dll
0x00007ffa3c390000 - 0x00007ffa3c46a000 	C:\WINDOWS\System32\CoreMessaging.dll
0x00007ffa3d340000 - 0x00007ffa3d371000 	C:\WINDOWS\SYSTEM32\ntmarta.dll
0x00007ffa39d50000 - 0x00007ffa39e9d000 	C:\WINDOWS\SYSTEM32\wintypes.dll
0x00007ffa2d810000 - 0x00007ffa2d9d9000 	C:\WINDOWS\SYSTEM32\dbghelp.dll

VM Arguments:
jvm_args: -agentlib:jdwp=transport=dt_socket,suspend=y,address=localhost:59210 -ea -javaagent:C:\Users\Vlad\eclipse\jee-photon\eclipse\configuration\org.eclipse.osgi\418\0\.cp\lib\javaagent-shaded.jar -Dfile.encoding=Cp1252 
java_command: org.eclipse.jdt.internal.junit.runner.RemoteTestRunner -version 3 -port 59209 -testLoaderClass org.eclipse.jdt.internal.junit5.runner.JUnit5TestLoader -loaderpluginname org.eclipse.jdt.junit5.runtime -classNames com.movlad.semviz.GLAbstractionTest
java_class_path (initial): C:\Users\Vlad\Projects\semviz\target\test-classes;C:\Users\Vlad\Projects\semviz\target\classes;C:\Users\Vlad\.p2\pool\plugins\org.junit.jupiter.api_5.1.0.v20180327-1502.jar;C:\Users\Vlad\.p2\pool\plugins\org.junit.jupiter.engine_5.1.0.v20180327-1502.jar;C:\Users\Vlad\.p2\pool\plugins\org.junit.jupiter.migrationsupport_5.1.0.v20180327-1502.jar;C:\Users\Vlad\.p2\pool\plugins\org.junit.jupiter.params_5.1.0.v20180327-1502.jar;C:\Users\Vlad\.p2\pool\plugins\org.junit.platform.commons_1.1.0.v20180327-1502.jar;C:\Users\Vlad\.p2\pool\plugins\org.junit.platform.engine_1.1.0.v20180327-1502.jar;C:\Users\Vlad\.p2\pool\plugins\org.junit.platform.launcher_1.1.0.v20180327-1502.jar;C:\Users\Vlad\.p2\pool\plugins\org.junit.platform.runner_1.1.0.v20180327-1502.jar;C:\Users\Vlad\.p2\pool\plugins\org.junit.platform.suite.api_1.1.0.v20180327-1502.jar;C:\Users\Vlad\.p2\pool\plugins\org.junit.vintage.engine_5.1.0.v20180327-1502.jar;C:\Users\Vlad\.p2\pool\plugins\org.opentest4j_1.0.0.v20180327-1502.jar;C:\Users\Vlad\.p2\pool\plugins\org.apiguardian_1.0.0.v20180327-1502.jar;C:\Users\Vlad\.p2\pool\plugins\org.junit_4.12.0.v201504281640\junit.jar;C:\Users\Vlad\.p2\pool\plugins\org.hamcrest.core_1.3.0.v20180420-1519.jar;C:\Users\Vlad\.m2\repository\org\jogamp\jogl\jogl-all-main\2.3.2\jogl-all-main-2.3.2.jar;C:\Users\Vlad\.m2\repository\org\jogamp\jogl\jogl-all\2.3.2\jogl-all-2.3.2.jar;C:\Users\Vlad\.m2\repository\org\jogamp\jogl\jogl-all\2.3.2\jogl-all-2.3.2-natives-android-aarch64.jar;C:\Users\Vlad\.m2\repository\org\jogamp\jogl\jogl-all\2.3.2\jogl-all-2.3.2-natives-android-armv6.jar;C:\Users\Vlad\.m2\repository\org\jogamp\jogl\jogl-all\2.3.2\jogl-all-2.3.2-natives-linux-amd64.jar;C:\Users\Vlad\.m2\repository\org\jogamp\jogl\jogl-all\2.3.2\jogl-all-2.3.2-natives-linux-armv6.jar;C:\Users\Vlad\.m2\repository\org\jogamp\jogl\jogl-all\2.3.2\jogl-all-2.3.2-natives-linux-armv6hf.jar;C:\Users\Vlad\.m2\repository\org\jogamp\jogl\jogl-all\2.3.2\jogl-all-2.3.2-natives-linux
Launcher Type: SUN_STANDARD

Environment Variables:
JAVA_HOME=C:\Program Files\Java\jdk1.8.0_181
PATH=C:\Program Files\Java\jdk1.8.0_181\jre\bin;C:/Program Files/Java/jre1.8.0_191/bin/server;C:/Program Files/Java/jre1.8.0_191/bin;C:/Program Files/Java/jre1.8.0_191/lib/amd64;C:\Program Files (x86)\NVIDIA Corporation\PhysX\Common;C:\Program Files (x86)\Intel\Intel(R) Management Engine Components\iCLS\;C:\Program Files\Intel\Intel(R) Management Engine Components\iCLS\;C:\Program Files (x86)\Common Files\Oracle\Java\javapath;C:\WINDOWS\system32;C:\WINDOWS;C:\WINDOWS\System32\Wbem;C:\WINDOWS\System32\WindowsPowerShell\v1.0\;C:\Program Files\nodejs\;C:\WINDOWS\System32\OpenSSH\;C:\Program Files\dotnet\;C:\Program Files\Git\cmd;C:\Android;C:\Windows\System32;C:\Program Files (x86)\Intel\Intel(R) Management Engine Components\DAL;C:\Program Files\Intel\Intel(R) Management Engine Components\DAL;C:\Program Files\Calibre2\;C:\Users\Vlad\.windows-build-tools\python27\;C:\Program Files\nodejs\node_modules\npm\node_modules\npm-lifecycle\node-gyp-bin;C:\Users\Vlad\AppData\Roaming\npm\node_modules\windows-build-tools\node_modules\.bin;C:\Users\Vlad\AppData\Roaming\npm\node_modules\.bin;C:\Program Files (x86)\Common Files\Oracle\Java\javapath;C:\WINDOWS\system32;C:\WINDOWS;C:\WINDOWS\System32\Wbem;C:\WINDOWS\System32\WindowsPowerShell\v1.0\;C:\Program Files\nodejs\;C:\WINDOWS\System32\OpenSSH\;C:\Program Files\dotnet\;C:\Program Files\Git\cmd;C:\Users\Vlad\AppData\Local\Programs\Python\Python37-32\Scripts\;C:\Users\Vlad\AppData\Local\Programs\Python\Python37-32\;C:\Users\Vlad\AppData\Local\Microsoft\WindowsApps;C:\Users\Vlad\AppData\Roaming\npm;C:\Program Files\CMake\bin;C:\Program Files\MongoDB\Server\4.0\bin;C:\Users\Vlad\AppData\Local\Programs\Microsoft VS Code\bin;C:\apache-maven-3.5.4\bin;C:\Program Files\Java\jdk1.8.0_181\bin;C:\apache-maven-3.5.4\bin;C:\gradle-4.10.2\bin;C:\Program Files\PCL 1.8.1\bin;C:\Program Files\OpenNI2\Lib;C:\Program Files\OpenNI2\Redist;C:\Program Files\OpenNI2\Include;C:\Users\Vlad\Projects\pcl-java\lib;;C:\WINDOWS\system32;
USERNAME=Vlad
OS=Windows_NT
PROCESSOR_IDENTIFIER=Intel64 Family 6 Model 142 Stepping 9, GenuineIntel



---------------  S Y S T E M  ---------------

OS: Windows 10.0 , 64 bit Build 17134 (10.0.17134.1)

CPU:total 4 (initial active 4) (2 cores per cpu, 2 threads per core) family 6 model 142 stepping 9, cmov, cx8, fxsr, mmx, sse, sse2, sse3, ssse3, sse4.1, sse4.2, popcnt, avx, avx2, aes, clmul, erms, 3dnowpref, lzcnt, ht, tsc, tscinvbit, bmi1, bmi2, adx

Memory: 4k page, physical 8109920k(1410236k free), swap 15449952k(3141916k free)

vm_info: Java HotSpot(TM) 64-Bit Server VM (25.181-b13) for windows-amd64 JRE (1.8.0_181-b13), built on Jul  7 2018 04:01:33 by "java_re" with MS VC++ 10.0 (VS2010)

time: Tue Nov 27 15:48:02 2018
elapsed time: 42 seconds (0d 0h 0m 42s)

