#
# A fatal error has been detected by the Java Runtime Environment:
#
#  EXCEPTION_ACCESS_VIOLATION (0xc0000005) at pc=0x0000000066b6114e, pid=9984, tid=0x00000000000017d4
#
# JRE version: Java(TM) SE Runtime Environment (8.0_181-b13) (build 1.8.0_181-b13)
# Java VM: Java HotSpot(TM) 64-Bit Server VM (25.181-b13 mixed mode windows-amd64 compressed oops)
# Problematic frame:
# V  [jvm.dll+0x1e114e]
#
# Failed to write core dump. Minidumps are not enabled by default on client versions of Windows
#
# If you would like to submit a bug report, please visit:
#   http://bugreport.java.com/bugreport/crash.jsp
#

---------------  T H R E A D  ---------------

Current thread (0x0000000019f83000):  JavaThread "main-Display-.windows_nil-1-EDT-1" daemon [_thread_in_vm, id=6100, stack(0x0000000026800000,0x0000000026900000)]

siginfo: ExceptionCode=0xc0000005, writing address 0x0000000000000000

Registers:
RAX=0x000000003f800000, RBX=0x0000000019f83000, RCX=0x0000000000000300, RDX=0x00000000268fe738
RSP=0x00000000268fe6e0, RBP=0x0000000000000000, RSI=0x0000000000000000, RDI=0x0000000000000000
R8 =0x0000000000000000, R9 =0x0000000000000000, R10=0x000000000366cc54, R11=0x000000000366cc18
R12=0x0000000000000000, R13=0x00000000268fe788, R14=0x00000000268fe828, R15=0x0000000019f83000
RIP=0x0000000066b6114e, EFLAGS=0x0000000000010246

Top of Stack: (sp=0x00000000268fe6e0)
0x00000000268fe6e0:   0000000019f83000 0000000066aafcb0
0x00000000268fe6f0:   0000000019f83000 0000000026900790
0x00000000268fe700:   000000003f800000 000000000366ccd2
0x00000000268fe710:   000000001727d648 00000000268fe770
0x00000000268fe720:   0000000000000158 000000002690075e
0x00000000268fe730:   000000003f800000 00000000d9015ce8
0x00000000268fe740:   0000000000000000 00000000000000b6
0x00000000268fe750:   00000000268fe7f8 0000000003224ecc
0x00000000268fe760:   0000000000000300 00000000000000b6
0x00000000268fe770:   00000000268fe7f8 000000000320835d
0x00000000268fe780:   000000000320835d 000000003f800000
0x00000000268fe790:   0000000019f83000 0000000000000000
0x00000000268fe7a0:   0000000000000158 0000000000000000
0x00000000268fe7b0:   00000000d9015ce8 00000000268fe7b8
0x00000000268fe7c0:   000000002690075e 00000000268fe828
0x00000000268fe7d0:   0000000026910028 0000000000000000 

Instructions: (pc=0x0000000066b6114e)
0x0000000066b6112e:   08 48 8b cb e8 69 26 06 00 c7 83 70 02 00 00 06
0x0000000066b6113e:   00 00 00 48 85 f6 74 03 48 8b 3e 48 8b 44 24 50
0x0000000066b6114e:   48 89 04 2f 48 8b 7b 48 48 8b 47 10 48 8b 77 08
0x0000000066b6115e:   48 83 38 00 74 15 48 8b 57 28 48 8b ce e8 30 d8 


Register to memory mapping:

RAX=0x000000003f800000 is an unknown value
RBX=0x0000000019f83000 is a thread
RCX=0x0000000000000300 is an unknown value
RDX=0x00000000268fe738 is pointing into the stack for thread: 0x0000000019f83000
RSP=0x00000000268fe6e0 is pointing into the stack for thread: 0x0000000019f83000
RBP=0x0000000000000000 is an unknown value
RSI=0x0000000000000000 is an unknown value
RDI=0x0000000000000000 is an unknown value
R8 =0x0000000000000000 is an unknown value
R9 =0x0000000000000000 is an unknown value
R10=0x000000000366cc54 is at entry_point+84 in (nmethod*)0x000000000366ca90
R11=0x000000000366cc18 is at entry_point+24 in (nmethod*)0x000000000366ca90
R12=0x0000000000000000 is an unknown value
R13=0x00000000268fe788 is pointing into the stack for thread: 0x0000000019f83000
R14=0x00000000268fe828 is pointing into the stack for thread: 0x0000000019f83000
R15=0x0000000019f83000 is a thread


Stack: [0x0000000026800000,0x0000000026900000],  sp=0x00000000268fe6e0,  free space=1017k
Native frames: (J=compiled Java code, j=interpreted, Vv=VM code, C=native code)

Java frames: (J=compiled Java code, j=interpreted, Vv=VM code)
J 1252  sun.misc.Unsafe.putLong(Ljava/lang/Object;JJ)V (0 bytes) @ 0x000000000366cc54 [0x000000000366cc00+0x54]
j  org.joml.internal.MemUtil$MemUtilUnsafe.putLong(Ljava/lang/Object;JJ)V+6
j  org.joml.internal.MemUtil$MemUtilUnsafe.put(Lorg/joml/Matrix4f;J)V+34
j  org.joml.internal.MemUtil$MemUtilUnsafe.put(Lorg/joml/Matrix4f;ILjava/nio/FloatBuffer;)V+28
j  org.joml.Matrix4f.get(ILjava/nio/FloatBuffer;)Ljava/nio/FloatBuffer;+6
j  org.joml.Matrix4f.get(Ljava/nio/FloatBuffer;)Ljava/nio/FloatBuffer;+6
j  com.movlad.semviz.TestEventListener.display(Lcom/jogamp/opengl/GLAutoDrawable;)V+74
j  jogamp.opengl.GLDrawableHelper.displayImpl(Lcom/jogamp/opengl/GLAutoDrawable;)V+62
j  jogamp.opengl.GLDrawableHelper.display(Lcom/jogamp/opengl/GLAutoDrawable;)V+2
j  jogamp.opengl.GLAutoDrawableBase$2.run()V+59
j  jogamp.opengl.GLDrawableHelper.invokeGLImpl(Lcom/jogamp/opengl/GLDrawable;Lcom/jogamp/opengl/GLContext;Ljava/lang/Runnable;Ljava/lang/Runnable;)V+203
j  jogamp.opengl.GLDrawableHelper.invokeGL(Lcom/jogamp/opengl/GLDrawable;Lcom/jogamp/opengl/GLContext;Ljava/lang/Runnable;Ljava/lang/Runnable;)V+72
j  com.jogamp.newt.opengl.GLWindow.display()V+90
j  jogamp.opengl.GLAutoDrawableBase.defaultWindowResizedOp(II)V+206
j  com.jogamp.newt.opengl.GLWindow.access$200(Lcom/jogamp/newt/opengl/GLWindow;II)V+3
j  com.jogamp.newt.opengl.GLWindow$2.windowResized(Lcom/jogamp/newt/event/WindowEvent;)V+18
j  jogamp.newt.WindowImpl.consumeWindowEvent(Lcom/jogamp/newt/event/WindowEvent;)V+234
j  jogamp.newt.WindowImpl.sendWindowEvent(I)V+14
j  jogamp.newt.WindowImpl.setVisibleActionImpl(Z)V+691
j  jogamp.newt.WindowImpl$VisibleAction.run()V+8
j  com.jogamp.common.util.RunnableTask.run()V+198
j  jogamp.newt.DefaultEDTUtil$NEDT.run()V+221
v  ~StubRoutines::call_stub

---------------  P R O C E S S  ---------------

Java Threads: ( => current thread )
=>0x0000000019f83000 JavaThread "main-Display-.windows_nil-1-EDT-1" daemon [_thread_in_vm, id=6100, stack(0x0000000026800000,0x0000000026900000)]
  0x000000001a68e800 JavaThread "main-SharedResourceRunner" daemon [_thread_blocked, id=6724, stack(0x000000001d310000,0x000000001d410000)]
  0x000000001a2b6800 JavaThread "AWT-EventQueue-0" [_thread_blocked, id=18220, stack(0x000000001c000000,0x000000001c100000)]
  0x000000001a41f000 JavaThread "AWT-Windows" daemon [_thread_in_native, id=7920, stack(0x000000001be30000,0x000000001bf30000)]
  0x000000001a41e800 JavaThread "AWT-Shutdown" [_thread_blocked, id=5644, stack(0x000000001bd30000,0x000000001be30000)]
  0x000000001a419800 JavaThread "Java2D Disposer" daemon [_thread_blocked, id=9860, stack(0x000000001bc30000,0x000000001bd30000)]
  0x0000000019cef000 JavaThread "ReaderThread" [_thread_in_native, id=2768, stack(0x000000001a2e0000,0x000000001a3e0000)]
  0x0000000019518800 JavaThread "Service Thread" daemon [_thread_blocked, id=6856, stack(0x00000000198e0000,0x00000000199e0000)]
  0x0000000017baf000 JavaThread "C1 CompilerThread2" daemon [_thread_blocked, id=1112, stack(0x00000000193e0000,0x00000000194e0000)]
  0x0000000017ba7000 JavaThread "C2 CompilerThread1" daemon [_thread_blocked, id=11004, stack(0x00000000192e0000,0x00000000193e0000)]
  0x0000000017ba2000 JavaThread "C2 CompilerThread0" daemon [_thread_blocked, id=18280, stack(0x00000000191e0000,0x00000000192e0000)]
  0x0000000017ba0000 JavaThread "Attach Listener" daemon [_thread_blocked, id=2652, stack(0x00000000190e0000,0x00000000191e0000)]
  0x0000000017b9f000 JavaThread "Signal Dispatcher" daemon [_thread_blocked, id=3016, stack(0x0000000018fe0000,0x00000000190e0000)]
  0x00000000031fd800 JavaThread "Finalizer" daemon [_thread_blocked, id=15120, stack(0x0000000018df0000,0x0000000018ef0000)]
  0x00000000031f4000 JavaThread "Reference Handler" daemon [_thread_blocked, id=17400, stack(0x0000000018cf0000,0x0000000018df0000)]
  0x0000000003104000 JavaThread "main" [_thread_blocked, id=14192, stack(0x0000000003000000,0x0000000003100000)]

Other Threads:
  0x0000000017b67800 VMThread [stack: 0x0000000018bf0000,0x0000000018cf0000] [id=15060]
  0x0000000017bfc800 WatcherThread [stack: 0x00000000199e0000,0x0000000019ae0000] [id=15904]

VM state:not at safepoint (normal execution)

VM Mutex/Monitor currently owned by a thread: None

Heap:
 PSYoungGen      total 36864K, used 7905K [0x00000000d6c00000, 0x00000000d9500000, 0x0000000100000000)
  eden space 31744K, 8% used [0x00000000d6c00000,0x00000000d6eba0b0,0x00000000d8b00000)
  from space 5120K, 99% used [0x00000000d9000000,0x00000000d94fe650,0x00000000d9500000)
  to   space 5120K, 0% used [0x00000000d8b00000,0x00000000d8b00000,0x00000000d9000000)
 ParOldGen       total 84992K, used 1912K [0x0000000084400000, 0x0000000089700000, 0x00000000d6c00000)
  object space 84992K, 2% used [0x0000000084400000,0x00000000845de2f8,0x0000000089700000)
 Metaspace       used 18690K, capacity 19366K, committed 19712K, reserved 1067008K
  class space    used 1896K, capacity 2047K, committed 2048K, reserved 1048576K

Card table byte_map: [0x00000000125c0000,0x00000000129a0000] byte_map_base: 0x000000001219e000

Marking Bits: (ParMarkBitMap*) 0x00000000671a2d00
 Begin Bits: [0x0000000013040000, 0x0000000014f30000)
 End Bits:   [0x0000000014f30000, 0x0000000016e20000)

Polling page: 0x0000000001260000

CodeCache: size=245760Kb used=4816Kb max_used=4816Kb free=240944Kb
 bounds [0x0000000003200000, 0x00000000036c0000, 0x0000000012200000]
 total_blobs=2152 nmethods=1341 adapters=723
 compilation: enabled

Compilation events (10 events):
Event: 2.250 Thread 0x0000000017baf000 1337       3       java.util.regex.Matcher::groupCount (10 bytes)
Event: 2.250 Thread 0x0000000017baf000 nmethod 1337 0x00000000036b4350 code [0x00000000036b44a0, 0x00000000036b45f0]
Event: 2.253 Thread 0x0000000017baf000 1338       3       java.lang.String::contains (20 bytes)
Event: 2.253 Thread 0x0000000017baf000 nmethod 1338 0x00000000036b4690 code [0x00000000036b4820, 0x00000000036b4cb8]
Event: 2.272 Thread 0x0000000017baf000 1339       3       java.lang.Character::getType (9 bytes)
Event: 2.273 Thread 0x0000000017baf000 nmethod 1339 0x00000000036b4ed0 code [0x00000000036b5040, 0x00000000036b5278]
Event: 2.273 Thread 0x0000000017baf000 1340       3       java.lang.CharacterDataLatin1::getType (11 bytes)
Event: 2.273 Thread 0x0000000017baf000 nmethod 1340 0x00000000036b5350 code [0x00000000036b54c0, 0x00000000036b56b0]
Event: 2.273 Thread 0x0000000017baf000 1341       3       java.util.ArrayList$SubList$1::hasNext (20 bytes)
Event: 2.273 Thread 0x0000000017baf000 nmethod 1341 0x00000000036b5810 code [0x00000000036b5960, 0x00000000036b5b10]

GC Heap History (4 events):
Event: 1.343 GC heap before
{Heap before GC invocations=1 (full 0):
 PSYoungGen      total 36864K, used 31374K [0x00000000d6c00000, 0x00000000d9500000, 0x0000000100000000)
  eden space 31744K, 98% used [0x00000000d6c00000,0x00000000d8aa3820,0x00000000d8b00000)
  from space 5120K, 0% used [0x00000000d9000000,0x00000000d9000000,0x00000000d9500000)
  to   space 5120K, 0% used [0x00000000d8b00000,0x00000000d8b00000,0x00000000d9000000)
 ParOldGen       total 84992K, used 0K [0x0000000084400000, 0x0000000089700000, 0x00000000d6c00000)
  object space 84992K, 0% used [0x0000000084400000,0x0000000084400000,0x0000000089700000)
 Metaspace       used 12519K, capacity 13210K, committed 13440K, reserved 1060864K
  class space    used 1530K, capacity 1664K, committed 1664K, reserved 1048576K
Event: 1.350 GC heap after
Heap after GC invocations=1 (full 0):
 PSYoungGen      total 36864K, used 5103K [0x00000000d6c00000, 0x00000000d9500000, 0x0000000100000000)
  eden space 31744K, 0% used [0x00000000d6c00000,0x00000000d6c00000,0x00000000d8b00000)
  from space 5120K, 99% used [0x00000000d8b00000,0x00000000d8ffbdc8,0x00000000d9000000)
  to   space 5120K, 0% used [0x00000000d9000000,0x00000000d9000000,0x00000000d9500000)
 ParOldGen       total 84992K, used 563K [0x0000000084400000, 0x0000000089700000, 0x00000000d6c00000)
  object space 84992K, 0% used [0x0000000084400000,0x000000008448cd38,0x0000000089700000)
 Metaspace       used 12519K, capacity 13210K, committed 13440K, reserved 1060864K
  class space    used 1530K, capacity 1664K, committed 1664K, reserved 1048576K
}
Event: 2.124 GC heap before
{Heap before GC invocations=2 (full 0):
 PSYoungGen      total 36864K, used 36847K [0x00000000d6c00000, 0x00000000d9500000, 0x0000000100000000)
  eden space 31744K, 100% used [0x00000000d6c00000,0x00000000d8b00000,0x00000000d8b00000)
  from space 5120K, 99% used [0x00000000d8b00000,0x00000000d8ffbdc8,0x00000000d9000000)
  to   space 5120K, 0% used [0x00000000d9000000,0x00000000d9000000,0x00000000d9500000)
 ParOldGen       total 84992K, used 563K [0x0000000084400000, 0x0000000089700000, 0x00000000d6c00000)
  object space 84992K, 0% used [0x0000000084400000,0x000000008448cd38,0x0000000089700000)
 Metaspace       used 17681K, capacity 18374K, committed 18688K, reserved 1067008K
  class space    used 1848K, capacity 2015K, committed 2048K, reserved 1048576K
Event: 2.131 GC heap after
Heap after GC invocations=2 (full 0):
 PSYoungGen      total 36864K, used 5113K [0x00000000d6c00000, 0x00000000d9500000, 0x0000000100000000)
  eden space 31744K, 0% used [0x00000000d6c00000,0x00000000d6c00000,0x00000000d8b00000)
  from space 5120K, 99% used [0x00000000d9000000,0x00000000d94fe650,0x00000000d9500000)
  to   space 5120K, 0% used [0x00000000d8b00000,0x00000000d8b00000,0x00000000d9000000)
 ParOldGen       total 84992K, used 1912K [0x0000000084400000, 0x0000000089700000, 0x00000000d6c00000)
  object space 84992K, 2% used [0x0000000084400000,0x00000000845de2f8,0x0000000089700000)
 Metaspace       used 17681K, capacity 18374K, committed 18688K, reserved 1067008K
  class space    used 1848K, capacity 2015K, committed 2048K, reserved 1048576K
}

Deoptimization events (7 events):
Event: 0.133 Thread 0x0000000003104000 Uncommon trap: reason=unstable_if action=reinterpret pc=0x0000000003326ee4 method=java.lang.String.hashCode()I @ 14
Event: 0.487 Thread 0x0000000003104000 Uncommon trap: reason=unstable_if action=reinterpret pc=0x000000000349c258 method=java.util.HashMap.putVal(ILjava/lang/Object;Ljava/lang/Object;ZZ)Ljava/lang/Object; @ 94
Event: 0.499 Thread 0x0000000003104000 Uncommon trap: reason=unstable_if action=reinterpret pc=0x00000000034a6f3c method=java.util.HashMap.getNode(ILjava/lang/Object;)Ljava/util/HashMap$Node; @ 129
Event: 0.499 Thread 0x0000000003104000 Uncommon trap: reason=unstable_if action=reinterpret pc=0x00000000034b66d8 method=java.util.HashMap.putVal(ILjava/lang/Object;Ljava/lang/Object;ZZ)Ljava/lang/Object; @ 193
Event: 0.659 Thread 0x0000000003104000 Uncommon trap: reason=unstable_if action=reinterpret pc=0x00000000035342b0 method=jdk.internal.org.objectweb.asm.Type.getArgumentsAndReturnSizes(Ljava/lang/String;)I @ 88
Event: 0.741 Thread 0x0000000003104000 Uncommon trap: reason=unstable_if action=reinterpret pc=0x0000000003481050 method=java.lang.AbstractStringBuilder.append(Ljava/lang/String;)Ljava/lang/AbstractStringBuilder; @ 1
Event: 2.065 Thread 0x0000000003104000 Uncommon trap: reason=unstable_if action=reinterpret pc=0x000000000367ec34 method=java.lang.reflect.AccessibleObject.setAccessible0(Ljava/lang/reflect/AccessibleObject;Z)V @ 4

Classes redefined (0 events):
No events

Internal exceptions (10 events):
Event: 0.415 Thread 0x0000000003104000 Exception <a 'java/lang/NoSuchMethodError': java.lang.Object.lambda$or$2(Ljava/util/function/Predicate;Ljava/lang/Object;)Z> (0x00000000d79497f0) thrown at [C:\re\workspace\8-2-build-windows-amd64-cygwin\jdk8u181\11358\hotspot\src\share\vm\interpreter\lin
Event: 0.467 Thread 0x0000000003104000 Exception <a 'java/lang/IncompatibleClassChangeError': Found class java.lang.Object, but interface was expected> (0x00000000d7a74528) thrown at [C:\re\workspace\8-2-build-windows-amd64-cygwin\jdk8u181\11358\hotspot\src\share\vm\interpreter\linkResolver.cp
Event: 0.516 Thread 0x0000000003104000 Exception <a 'java/lang/NoSuchMethodError': java.lang.Object.lambda$andThen$1(Ljava/util/function/Function;Ljava/lang/Object;)Ljava/lang/Object;> (0x00000000d7bf2008) thrown at [C:\re\workspace\8-2-build-windows-amd64-cygwin\jdk8u181\11358\hotspot\src\sha
Event: 0.556 Thread 0x0000000003104000 Exception <a 'java/lang/NoSuchMethodError': java.lang.Object.lambda$accept$0(Lorg/junit/platform/engine/TestDescriptor$Visitor;Lorg/junit/platform/engine/TestDescriptor;)V> (0x00000000d7d10d60) thrown at [C:\re\workspace\8-2-build-windows-amd64-cygwin\jdk
Event: 0.558 Thread 0x0000000003104000 Exception <a 'java/lang/IncompatibleClassChangeError': Found class java.lang.Object, but interface was expected> (0x00000000d7d1f6f8) thrown at [C:\re\workspace\8-2-build-windows-amd64-cygwin\jdk8u181\11358\hotspot\src\share\vm\interpreter\linkResolver.cp
Event: 0.559 Thread 0x0000000003104000 Exception <a 'java/lang/NoSuchMethodError': java.lang.Object.containsTests(Lorg/junit/platform/engine/TestDescriptor;)Z> (0x00000000d7d273a0) thrown at [C:\re\workspace\8-2-build-windows-amd64-cygwin\jdk8u181\11358\hotspot\src\share\vm\interpreter\linkRes
Event: 0.661 Thread 0x0000000003104000 Exception <a 'java/lang/NoSuchMethodError': java.lang.Object.lambda$and$0(Ljava/util/function/Predicate;Ljava/lang/Object;)Z> (0x00000000d815c480) thrown at [C:\re\workspace\8-2-build-windows-amd64-cygwin\jdk8u181\11358\hotspot\src\share\vm\interpreter\li
Event: 0.741 Thread 0x0000000003104000 Implicit null exception at 0x0000000003480c94 to 0x0000000003481039
Event: 1.270 Thread 0x0000000003104000 Exception <a 'java/io/FileNotFoundException'> (0x00000000d87caf20) thrown at [C:\re\workspace\8-2-build-windows-amd64-cygwin\jdk8u181\11358\hotspot\src\share\vm\prims\jni.cpp, line 709]
Event: 1.308 Thread 0x0000000003104000 Exception <a 'java/io/FileNotFoundException'> (0x00000000d88c9c58) thrown at [C:\re\workspace\8-2-build-windows-amd64-cygwin\jdk8u181\11358\hotspot\src\share\vm\prims\jni.cpp, line 709]

Events (10 events):
Event: 2.273 loading class java/nio/HeapFloatBuffer
Event: 2.273 loading class java/nio/HeapFloatBuffer done
Event: 2.273 loading class com/movlad/semviz/core/VertexArrayObject
Event: 2.273 loading class com/movlad/semviz/core/VertexArrayObject done
Event: 2.274 loading class com/movlad/semviz/core/VertexBufferObject
Event: 2.274 loading class com/movlad/semviz/core/VertexBufferObject done
Event: 2.275 loading class com/movlad/semviz/core/BufferLayout
Event: 2.275 loading class com/movlad/semviz/core/BufferLayout done
Event: 2.276 loading class com/movlad/semviz/core/BufferLayoutElement
Event: 2.276 loading class com/movlad/semviz/core/BufferLayoutElement done


Dynamic libraries:
0x00007ff7c7520000 - 0x00007ff7c7557000 	C:\Program Files\Java\jdk1.8.0_181\bin\javaw.exe
0x00007ffa41f40000 - 0x00007ffa42121000 	C:\WINDOWS\SYSTEM32\ntdll.dll
0x00007ffa41bc0000 - 0x00007ffa41c72000 	C:\WINDOWS\System32\KERNEL32.DLL
0x00007ffa3e310000 - 0x00007ffa3e583000 	C:\WINDOWS\System32\KERNELBASE.dll
0x00007ffa40280000 - 0x00007ffa40321000 	C:\WINDOWS\System32\ADVAPI32.dll
0x00007ffa41e60000 - 0x00007ffa41efe000 	C:\WINDOWS\System32\msvcrt.dll
0x00007ffa403b0000 - 0x00007ffa4040b000 	C:\WINDOWS\System32\sechost.dll
0x00007ffa3f580000 - 0x00007ffa3f6a4000 	C:\WINDOWS\System32\RPCRT4.dll
0x00007ffa3f6e0000 - 0x00007ffa3f870000 	C:\WINDOWS\System32\USER32.dll
0x00007ffa3f3b0000 - 0x00007ffa3f3d0000 	C:\WINDOWS\System32\win32u.dll
0x00007ffa3fe80000 - 0x00007ffa3fea8000 	C:\WINDOWS\System32\GDI32.dll
0x00007ffa3f170000 - 0x00007ffa3f302000 	C:\WINDOWS\System32\gdi32full.dll
0x00007ffa3f310000 - 0x00007ffa3f3af000 	C:\WINDOWS\System32\msvcp_win.dll
0x00007ffa3e8b0000 - 0x00007ffa3e9aa000 	C:\WINDOWS\System32\ucrtbase.dll
0x00007ffa30b40000 - 0x00007ffa30da9000 	C:\WINDOWS\WinSxS\amd64_microsoft.windows.common-controls_6595b64144ccf1df_6.0.17134.407_none_fb449d63306391e9\COMCTL32.dll
0x00007ffa41860000 - 0x00007ffa41b82000 	C:\WINDOWS\System32\combase.dll
0x00007ffa3e640000 - 0x00007ffa3e6ba000 	C:\WINDOWS\System32\bcryptPrimitives.dll
0x00007ffa3f6b0000 - 0x00007ffa3f6dd000 	C:\WINDOWS\System32\IMM32.DLL
0x0000000067230000 - 0x0000000067302000 	C:\Program Files\Java\jdk1.8.0_181\jre\bin\msvcr100.dll
0x0000000066980000 - 0x0000000067222000 	C:\Program Files\Java\jdk1.8.0_181\jre\bin\server\jvm.dll
0x00007ffa41f00000 - 0x00007ffa41f08000 	C:\WINDOWS\System32\PSAPI.DLL
0x00007ffa2e520000 - 0x00007ffa2e529000 	C:\WINDOWS\SYSTEM32\WSOCK32.dll
0x00007ffa3bdc0000 - 0x00007ffa3bde3000 	C:\WINDOWS\SYSTEM32\WINMM.dll
0x00007ffa40210000 - 0x00007ffa4027c000 	C:\WINDOWS\System32\WS2_32.dll
0x00007ffa2e0c0000 - 0x00007ffa2e0ca000 	C:\WINDOWS\SYSTEM32\VERSION.dll
0x00007ffa3bd90000 - 0x00007ffa3bdba000 	C:\WINDOWS\SYSTEM32\WINMMBASE.dll
0x00007ffa3ea10000 - 0x00007ffa3ea59000 	C:\WINDOWS\System32\cfgmgr32.dll
0x0000000066970000 - 0x000000006697f000 	C:\Program Files\Java\jdk1.8.0_181\jre\bin\verify.dll
0x0000000066940000 - 0x0000000066969000 	C:\Program Files\Java\jdk1.8.0_181\jre\bin\java.dll
0x0000000066920000 - 0x0000000066936000 	C:\Program Files\Java\jdk1.8.0_181\jre\bin\zip.dll
0x00007ffa40420000 - 0x00007ffa4185f000 	C:\WINDOWS\System32\SHELL32.dll
0x00007ffa3f3d0000 - 0x00007ffa3f479000 	C:\WINDOWS\System32\shcore.dll
0x00007ffa3ea60000 - 0x00007ffa3f16d000 	C:\WINDOWS\System32\windows.storage.dll
0x00007ffa41c80000 - 0x00007ffa41cd1000 	C:\WINDOWS\System32\shlwapi.dll
0x00007ffa3e2f0000 - 0x00007ffa3e301000 	C:\WINDOWS\System32\kernel.appcore.dll
0x00007ffa3e280000 - 0x00007ffa3e29f000 	C:\WINDOWS\System32\profapi.dll
0x00007ffa3e2a0000 - 0x00007ffa3e2ec000 	C:\WINDOWS\System32\powrprof.dll
0x00007ffa3e270000 - 0x00007ffa3e27a000 	C:\WINDOWS\System32\FLTLIB.DLL
0x0000000066900000 - 0x000000006691a000 	C:\Program Files\Java\jdk1.8.0_181\jre\bin\net.dll
0x00007ffa3dad0000 - 0x00007ffa3db36000 	C:\WINDOWS\system32\mswsock.dll
0x00007ffa3dc80000 - 0x00007ffa3dc97000 	C:\WINDOWS\SYSTEM32\CRYPTSP.dll
0x00007ffa3d6b0000 - 0x00007ffa3d6e3000 	C:\WINDOWS\system32\rsaenh.dll
0x00007ffa3ddb0000 - 0x00007ffa3ddd5000 	C:\WINDOWS\SYSTEM32\bcrypt.dll
0x00007ffa3e180000 - 0x00007ffa3e1a8000 	C:\WINDOWS\SYSTEM32\USERENV.dll
0x00007ffa3dca0000 - 0x00007ffa3dcab000 	C:\WINDOWS\SYSTEM32\CRYPTBASE.dll
0x00007ffa3d850000 - 0x00007ffa3d888000 	C:\WINDOWS\SYSTEM32\IPHLPAPI.DLL
0x00007ffa40410000 - 0x00007ffa40418000 	C:\WINDOWS\System32\NSI.dll
0x00007ffa32390000 - 0x00007ffa323a6000 	C:\WINDOWS\SYSTEM32\dhcpcsvc6.DLL
0x00007ffa32370000 - 0x00007ffa3238a000 	C:\WINDOWS\SYSTEM32\dhcpcsvc.DLL
0x00000000668e0000 - 0x00000000668f1000 	C:\Program Files\Java\jdk1.8.0_181\jre\bin\nio.dll
0x00007ffa3c590000 - 0x00007ffa3c61b000 	C:\WINDOWS\system32\apphelp.dll
0x00000000637c0000 - 0x00000000637cd000 	C:\Users\Vlad\AppData\Local\Temp\jogamp_0000\file_cache\jln7420256311440626926\jln791099007176962779\natives\windows-amd64\gluegen-rt.dll
0x0000000066740000 - 0x00000000668d9000 	C:\Program Files\Java\jdk1.8.0_181\jre\bin\awt.dll
0x00007ffa3fcc0000 - 0x00007ffa3fd82000 	C:\WINDOWS\System32\OLEAUT32.dll
0x00007ffa3c750000 - 0x00007ffa3c7e8000 	C:\WINDOWS\system32\uxtheme.dll
0x00007ffa41ce0000 - 0x00007ffa41e53000 	C:\WINDOWS\System32\MSCTF.dll
0x00007ffa3c9a0000 - 0x00007ffa3c9c9000 	C:\WINDOWS\system32\dwmapi.dll
0x00007ffa3feb0000 - 0x00007ffa40001000 	C:\WINDOWS\System32\ole32.dll
0x0000000066730000 - 0x0000000066737000 	C:\Program Files\Java\jdk1.8.0_181\jre\bin\jawt.dll
0x000000006a440000 - 0x000000006a44d000 	C:\Users\Vlad\AppData\Local\Temp\jogamp_0000\file_cache\jln7420256311440626926\jln791099007176962779\natives\windows-amd64\nativewindow_awt.dll
0x00007ffa2b140000 - 0x00007ffa2b260000 	C:\WINDOWS\system32\opengl32.dll
0x00007ffa2adc0000 - 0x00007ffa2adec000 	C:\WINDOWS\SYSTEM32\GLU32.dll
0x000000006c100000 - 0x000000006c10f000 	C:\Users\Vlad\AppData\Local\Temp\jogamp_0000\file_cache\jln7420256311440626926\jln791099007176962779\natives\windows-amd64\nativewindow_win32.dll
0x0000000064500000 - 0x00000000645b1000 	C:\Users\Vlad\AppData\Local\Temp\jogamp_0000\file_cache\jln7420256311440626926\jln791099007176962779\natives\windows-amd64\jogl_desktop.dll
0x0000000064340000 - 0x00000000643a2000 	C:\Users\Vlad\AppData\Local\Temp\jogamp_0000\file_cache\jln7420256311440626926\jln791099007176962779\natives\windows-amd64\jogl_mobile.dll
0x00007ff9e57b0000 - 0x00007ff9e666f000 	C:\WINDOWS\System32\DriverStore\FileRepository\k127371.inf_amd64_7792492e4c1ee038\ig9icd64.dll
0x00007ffa3aed0000 - 0x00007ffa3aee3000 	C:\WINDOWS\SYSTEM32\WTSAPI32.dll
0x00007ffa3d010000 - 0x00007ffa3d0cb000 	C:\WINDOWS\SYSTEM32\dxgi.dll
0x00007ffa35720000 - 0x00007ffa374b5000 	C:\WINDOWS\System32\DriverStore\FileRepository\k127371.inf_amd64_7792492e4c1ee038\igc64.dll
0x000000006cbc0000 - 0x000000006cbd3000 	C:\Users\Vlad\AppData\Local\Temp\jogamp_0000\file_cache\jln7420256311440626926\jln791099007176962779\natives\windows-amd64\newt.dll
0x00007ffa2e880000 - 0x00007ffa2e928000 	C:\WINDOWS\SYSTEM32\mscms.dll
0x00007ffa3ab70000 - 0x00007ffa3ab80000 	C:\WINDOWS\SYSTEM32\ColorAdapterClient.dll
0x00007ffa23fe0000 - 0x00007ffa24023000 	C:\WINDOWS\SYSTEM32\icm32.dll
0x00007ffa3f870000 - 0x00007ffa3fcbb000 	C:\WINDOWS\System32\setupapi.dll
0x00007ffa3e080000 - 0x00007ffa3e0a7000 	C:\WINDOWS\SYSTEM32\DEVOBJ.dll
0x00007ffa3e9b0000 - 0x00007ffa3ea07000 	C:\WINDOWS\System32\WINTRUST.dll
0x00007ffa3e250000 - 0x00007ffa3e262000 	C:\WINDOWS\System32\MSASN1.dll
0x00007ffa3e6c0000 - 0x00007ffa3e8a2000 	C:\WINDOWS\System32\CRYPT32.dll
0x00007ffa33ef0000 - 0x00007ffa33f86000 	C:\WINDOWS\System32\TextInputFramework.dll
0x00007ffa396a0000 - 0x00007ffa399be000 	C:\WINDOWS\System32\CoreUIComponents.dll
0x00007ffa3c390000 - 0x00007ffa3c46a000 	C:\WINDOWS\System32\CoreMessaging.dll
0x00007ffa3d340000 - 0x00007ffa3d371000 	C:\WINDOWS\SYSTEM32\ntmarta.dll
0x00007ffa39d50000 - 0x00007ffa39e9d000 	C:\WINDOWS\SYSTEM32\wintypes.dll
0x00007ffa2d810000 - 0x00007ffa2d9d9000 	C:\WINDOWS\SYSTEM32\dbghelp.dll

VM Arguments:
jvm_args: -ea -Dfile.encoding=Cp1252 
java_command: org.eclipse.jdt.internal.junit.runner.RemoteTestRunner -version 3 -port 59207 -testLoaderClass org.eclipse.jdt.internal.junit5.runner.JUnit5TestLoader -loaderpluginname org.eclipse.jdt.junit5.runtime -classNames com.movlad.semviz.GLAbstractionTest
java_class_path (initial): C:\Users\Vlad\Projects\semviz\target\test-classes;C:\Users\Vlad\Projects\semviz\target\classes;C:\Users\Vlad\.p2\pool\plugins\org.junit.jupiter.api_5.1.0.v20180327-1502.jar;C:\Users\Vlad\.p2\pool\plugins\org.junit.jupiter.engine_5.1.0.v20180327-1502.jar;C:\Users\Vlad\.p2\pool\plugins\org.junit.jupiter.migrationsupport_5.1.0.v20180327-1502.jar;C:\Users\Vlad\.p2\pool\plugins\org.junit.jupiter.params_5.1.0.v20180327-1502.jar;C:\Users\Vlad\.p2\pool\plugins\org.junit.platform.commons_1.1.0.v20180327-1502.jar;C:\Users\Vlad\.p2\pool\plugins\org.junit.platform.engine_1.1.0.v20180327-1502.jar;C:\Users\Vlad\.p2\pool\plugins\org.junit.platform.launcher_1.1.0.v20180327-1502.jar;C:\Users\Vlad\.p2\pool\plugins\org.junit.platform.runner_1.1.0.v20180327-1502.jar;C:\Users\Vlad\.p2\pool\plugins\org.junit.platform.suite.api_1.1.0.v20180327-1502.jar;C:\Users\Vlad\.p2\pool\plugins\org.junit.vintage.engine_5.1.0.v20180327-1502.jar;C:\Users\Vlad\.p2\pool\plugins\org.opentest4j_1.0.0.v20180327-1502.jar;C:\Users\Vlad\.p2\pool\plugins\org.apiguardian_1.0.0.v20180327-1502.jar;C:\Users\Vlad\.p2\pool\plugins\org.junit_4.12.0.v201504281640\junit.jar;C:\Users\Vlad\.p2\pool\plugins\org.hamcrest.core_1.3.0.v20180420-1519.jar;C:\Users\Vlad\.m2\repository\org\jogamp\jogl\jogl-all-main\2.3.2\jogl-all-main-2.3.2.jar;C:\Users\Vlad\.m2\repository\org\jogamp\jogl\jogl-all\2.3.2\jogl-all-2.3.2.jar;C:\Users\Vlad\.m2\repository\org\jogamp\jogl\jogl-all\2.3.2\jogl-all-2.3.2-natives-android-aarch64.jar;C:\Users\Vlad\.m2\repository\org\jogamp\jogl\jogl-all\2.3.2\jogl-all-2.3.2-natives-android-armv6.jar;C:\Users\Vlad\.m2\repository\org\jogamp\jogl\jogl-all\2.3.2\jogl-all-2.3.2-natives-linux-amd64.jar;C:\Users\Vlad\.m2\repository\org\jogamp\jogl\jogl-all\2.3.2\jogl-all-2.3.2-natives-linux-armv6.jar;C:\Users\Vlad\.m2\repository\org\jogamp\jogl\jogl-all\2.3.2\jogl-all-2.3.2-natives-linux-armv6hf.jar;C:\Users\Vlad\.m2\repository\org\jogamp\jogl\jogl-all\2.3.2\jogl-all-2.3.2-natives-linux
Launcher Type: SUN_STANDARD

Environment Variables:
JAVA_HOME=C:\Program Files\Java\jdk1.8.0_181
PATH=C:/Program Files/Java/jre1.8.0_191/bin/server;C:/Program Files/Java/jre1.8.0_191/bin;C:/Program Files/Java/jre1.8.0_191/lib/amd64;C:\Program Files (x86)\NVIDIA Corporation\PhysX\Common;C:\Program Files (x86)\Intel\Intel(R) Management Engine Components\iCLS\;C:\Program Files\Intel\Intel(R) Management Engine Components\iCLS\;C:\Program Files (x86)\Common Files\Oracle\Java\javapath;C:\WINDOWS\system32;C:\WINDOWS;C:\WINDOWS\System32\Wbem;C:\WINDOWS\System32\WindowsPowerShell\v1.0\;C:\Program Files\nodejs\;C:\WINDOWS\System32\OpenSSH\;C:\Program Files\dotnet\;C:\Program Files\Git\cmd;C:\Android;C:\Windows\System32;C:\Program Files (x86)\Intel\Intel(R) Management Engine Components\DAL;C:\Program Files\Intel\Intel(R) Management Engine Components\DAL;C:\Program Files\Calibre2\;C:\Users\Vlad\.windows-build-tools\python27\;C:\Program Files\nodejs\node_modules\npm\node_modules\npm-lifecycle\node-gyp-bin;C:\Users\Vlad\AppData\Roaming\npm\node_modules\windows-build-tools\node_modules\.bin;C:\Users\Vlad\AppData\Roaming\npm\node_modules\.bin;C:\Program Files (x86)\Common Files\Oracle\Java\javapath;C:\WINDOWS\system32;C:\WINDOWS;C:\WINDOWS\System32\Wbem;C:\WINDOWS\System32\WindowsPowerShell\v1.0\;C:\Program Files\nodejs\;C:\WINDOWS\System32\OpenSSH\;C:\Program Files\dotnet\;C:\Program Files\Git\cmd;C:\Users\Vlad\AppData\Local\Programs\Python\Python37-32\Scripts\;C:\Users\Vlad\AppData\Local\Programs\Python\Python37-32\;C:\Users\Vlad\AppData\Local\Microsoft\WindowsApps;C:\Users\Vlad\AppData\Roaming\npm;C:\Program Files\CMake\bin;C:\Program Files\MongoDB\Server\4.0\bin;C:\Users\Vlad\AppData\Local\Programs\Microsoft VS Code\bin;C:\apache-maven-3.5.4\bin;C:\Program Files\Java\jdk1.8.0_181\bin;C:\apache-maven-3.5.4\bin;C:\gradle-4.10.2\bin;C:\Program Files\PCL 1.8.1\bin;C:\Program Files\OpenNI2\Lib;C:\Program Files\OpenNI2\Redist;C:\Program Files\OpenNI2\Include;C:\Users\Vlad\Projects\pcl-java\lib;;C:\WINDOWS\system32;
USERNAME=Vlad
OS=Windows_NT
PROCESSOR_IDENTIFIER=Intel64 Family 6 Model 142 Stepping 9, GenuineIntel



---------------  S Y S T E M  ---------------

OS: Windows 10.0 , 64 bit Build 17134 (10.0.17134.1)

CPU:total 4 (initial active 4) (2 cores per cpu, 2 threads per core) family 6 model 142 stepping 9, cmov, cx8, fxsr, mmx, sse, sse2, sse3, ssse3, sse4.1, sse4.2, popcnt, avx, avx2, aes, clmul, erms, 3dnowpref, lzcnt, ht, tsc, tscinvbit, bmi1, bmi2, adx

Memory: 4k page, physical 8109920k(1418400k free), swap 15449952k(3147044k free)

vm_info: Java HotSpot(TM) 64-Bit Server VM (25.181-b13) for windows-amd64 JRE (1.8.0_181-b13), built on Jul  7 2018 04:01:33 by "java_re" with MS VC++ 10.0 (VS2010)

time: Tue Nov 27 15:46:54 2018
elapsed time: 2 seconds (0d 0h 0m 2s)

