#
# There is insufficient memory for the Java Runtime Environment to continue.
# Native memory allocation (mmap) failed to map 65536 bytes for Failed to commit area from 0x000001eeb3fb0000 to 0x000001eeb3fc0000 of length 65536.
# Possible reasons:
#   The system is out of physical RAM or swap space
#   The process is running with CompressedOops enabled, and the Java Heap may be blocking the growth of the native heap
# Possible solutions:
#   Reduce memory load on the system
#   Increase physical memory or swap space
#   Check if swap backing store is full
#   Decrease Java heap size (-Xmx/-Xms)
#   Decrease number of Java threads
#   Decrease Java thread stack sizes (-Xss)
#   Set larger code cache with -XX:ReservedCodeCacheSize=
# This output file may be truncated or incomplete.
#
#  Out of Memory Error (t:/workspace/open/src/hotspot/os/windows/os_windows.cpp:3269), pid=10536, tid=7924
#
# JRE version:  (11.0.2+9) (build )
# Java VM: Java HotSpot(TM) 64-Bit Server VM (11.0.2+9-LTS, mixed mode, aot, sharing, tiered, compressed oops, g1 gc, windows-amd64)
# No core dump will be written. Minidumps are not enabled by default on client versions of Windows
#

---------------  S U M M A R Y ------------

Command Line: -Dclassworlds.conf=C:\apache-maven-3.5.4\bin\..\bin\m2.conf -Dmaven.home=C:\apache-maven-3.5.4\bin\.. -Dlibrary.jansi.path=C:\apache-maven-3.5.4\bin\..\lib\jansi-native -Dmaven.multiModuleProjectDirectory=C:\Users\Vlad\Projects\semviz org.codehaus.plexus.classworlds.launcher.Launcher -Dexec.args=-classpath %classpath com.movlad.semviz.view.MainWindow -Dexec.executable=C:\Program Files\Java\jdk-11.0.2\bin\java.exe -Dmaven.ext.class.path=C:\netbeans\java\maven-nblib\netbeans-eventspy.jar org.codehaus.mojo:exec-maven-plugin:1.2.1:exec

Host: Intel(R) Core(TM) i5-7200U CPU @ 2.50GHz, 4 cores, 7G,  Windows 10 , 64 bit Build 17763 (10.0.17763.1)
Time: Thu Jan 24 17:01:17 2019 W. Europe Standard Time elapsed time: 0 seconds (0d 0h 0m 0s)

---------------  T H R E A D  ---------------

Current thread (0x000001ee9a127000):  JavaThread "Unknown thread" [_thread_in_vm, id=7924, stack(0x000000bb6ee00000,0x000000bb6ef00000)]

Stack: [0x000000bb6ee00000,0x000000bb6ef00000]
Native frames: (J=compiled Java code, j=interpreted, Vv=VM code, C=native code)
V  [jvm.dll+0x63574a]
V  [jvm.dll+0x77326f]
V  [jvm.dll+0x77491a]
V  [jvm.dll+0x774fd3]
V  [jvm.dll+0x25e418]
V  [jvm.dll+0x632c0a]
V  [jvm.dll+0x627645]
V  [jvm.dll+0x314e7c]
V  [jvm.dll+0x314d02]
V  [jvm.dll+0x31a68e]
V  [jvm.dll+0x366385]
V  [jvm.dll+0x365d80]
V  [jvm.dll+0x2f19f8]
V  [jvm.dll+0x2f2b56]
V  [jvm.dll+0x74c817]
V  [jvm.dll+0x74df5f]
V  [jvm.dll+0x373179]
V  [jvm.dll+0x732eb9]
V  [jvm.dll+0x3e295d]
V  [jvm.dll+0x3e4c61]
C  [java.exe+0x3607]
C  [java.exe+0x178dc]
C  [KERNEL32.DLL+0x17e94]
C  [ntdll.dll+0x6a251]


---------------  P R O C E S S  ---------------

Threads class SMR info:
_java_thread_list=0x000001ee97f3ed70, length=0, elements={
}

Java Threads: ( => current thread )

Other Threads:
  0x000001ee9a13e800 GCTaskThread "GC Thread#0" [stack: 0x000000bb6ef00000,0x000000bb6f000000] [id=4588]
  0x000001ee9a16e800 ConcurrentGCThread "G1 Main Marker" [stack: 0x000000bb6f000000,0x000000bb6f100000] [id=15556]
  0x000001ee9a170800 ConcurrentGCThread "G1 Conc#0" [stack: 0x000000bb6f100000,0x000000bb6f200000] [id=11100]

[error occurred during error reporting (printing all threads), id 0xc0000005, EXCEPTION_ACCESS_VIOLATION (0xc0000005) at pc=0x00007ffaebcb0197]

VM state:not at safepoint (not fully initialized)

VM Mutex/Monitor currently owned by a thread:  ([mutex/lock_event])
[0x000001ee9a1263e0] Heap_lock - owner thread: 0x000001ee9a127000

Heap address: 0x0000000084400000, size: 1980 MB, Compressed Oops mode: Non-zero based: 0x0000000084400000
Narrow klass base: 0x0000000000000000, Narrow klass shift: 0

GC Heap History (0 events):
No events

Deoptimization events (0 events):
No events

Classes redefined (0 events):
No events

Internal exceptions (0 events):
No events

Events (0 events):
No events


Dynamic libraries:
0x00007ff71c9b0000 - 0x00007ff71c9f7000 	C:\Program Files\Java\jdk-11.0.2\bin\java.exe
0x00007ffb3fe00000 - 0x00007ffb3ffed000 	C:\WINDOWS\SYSTEM32\ntdll.dll
0x00007ffb3f660000 - 0x00007ffb3f713000 	C:\WINDOWS\System32\KERNEL32.DLL
0x00007ffb3c810000 - 0x00007ffb3caa3000 	C:\WINDOWS\System32\KERNELBASE.dll
0x00007ffb3d710000 - 0x00007ffb3d7b3000 	C:\WINDOWS\System32\ADVAPI32.dll
0x00007ffb3d2b0000 - 0x00007ffb3d34e000 	C:\WINDOWS\System32\msvcrt.dll
0x00007ffb3dcd0000 - 0x00007ffb3dd6e000 	C:\WINDOWS\System32\sechost.dll
0x00007ffb3f8a0000 - 0x00007ffb3f9c2000 	C:\WINDOWS\System32\RPCRT4.dll
0x00007ffb3df20000 - 0x00007ffb3e0b7000 	C:\WINDOWS\System32\USER32.dll
0x00007ffb3c7c0000 - 0x00007ffb3c7e0000 	C:\WINDOWS\System32\win32u.dll
0x00007ffb3f870000 - 0x00007ffb3f899000 	C:\WINDOWS\System32\GDI32.dll
0x00007ffb3c620000 - 0x00007ffb3c7ba000 	C:\WINDOWS\System32\gdi32full.dll
0x00007ffb3cf90000 - 0x00007ffb3d030000 	C:\WINDOWS\System32\msvcp_win.dll
0x00007ffb3ce40000 - 0x00007ffb3cf3c000 	C:\WINDOWS\System32\ucrtbase.dll
0x00007ffb29540000 - 0x00007ffb297b9000 	C:\WINDOWS\WinSxS\amd64_microsoft.windows.common-controls_6595b64144ccf1df_6.0.17763.253_none_05b2388e0721fece\COMCTL32.dll
0x00007ffb2cee0000 - 0x00007ffb2ceea000 	C:\WINDOWS\SYSTEM32\VERSION.dll
0x00007ffb3f9d0000 - 0x00007ffb3fcfd000 	C:\WINDOWS\System32\combase.dll
0x00007ffb3cbe0000 - 0x00007ffb3cc5e000 	C:\WINDOWS\System32\bcryptPrimitives.dll
0x00007ffb3e0c0000 - 0x00007ffb3e0ee000 	C:\WINDOWS\System32\IMM32.DLL
0x00007ffb351c0000 - 0x00007ffb351d6000 	C:\Program Files\Java\jdk-11.0.2\bin\vcruntime140.dll
0x00007ffb28890000 - 0x00007ffb2893a000 	C:\Program Files\Java\jdk-11.0.2\bin\msvcp140.dll
0x00007ffaeb9b0000 - 0x00007ffaec4d7000 	C:\Program Files\Java\jdk-11.0.2\bin\server\jvm.dll
0x00007ffb3d350000 - 0x00007ffb3d358000 	C:\WINDOWS\System32\PSAPI.DLL
0x00007ffb25620000 - 0x00007ffb25629000 	C:\WINDOWS\SYSTEM32\WSOCK32.dll
0x00007ffb36500000 - 0x00007ffb36524000 	C:\WINDOWS\SYSTEM32\WINMM.dll
0x00007ffb3fd60000 - 0x00007ffb3fdcd000 	C:\WINDOWS\System32\WS2_32.dll
0x00007ffb364d0000 - 0x00007ffb364fd000 	C:\WINDOWS\SYSTEM32\winmmbase.dll
0x00007ffb3cf40000 - 0x00007ffb3cf8a000 	C:\WINDOWS\System32\cfgmgr32.dll
0x00007ffb3be00000 - 0x00007ffb3be11000 	C:\WINDOWS\System32\kernel.appcore.dll
0x00007ffb2fb60000 - 0x00007ffb2fb71000 	C:\Program Files\Java\jdk-11.0.2\bin\verify.dll
0x00007ffb377a0000 - 0x00007ffb3798d000 	C:\WINDOWS\SYSTEM32\DBGHELP.DLL
0x00007ffb24070000 - 0x00007ffb2409a000 	C:\WINDOWS\SYSTEM32\dbgcore.DLL
0x00007ffb2fbb0000 - 0x00007ffb2fbd9000 	C:\Program Files\Java\jdk-11.0.2\bin\java.dll
0x00007ffb2ee70000 - 0x00007ffb2ee86000 	C:\Program Files\Java\jdk-11.0.2\bin\zip.dll
0x00007ffb2fc20000 - 0x00007ffb2fc2a000 	C:\Program Files\Java\jdk-11.0.2\bin\jimage.dll

dbghelp: loaded successfully - version: 4.0.5 - missing functions: none
symbol engine: initialized successfully - sym options: 0x614 - pdb path: .;C:\Program Files\Java\jdk-11.0.2\bin;C:\WINDOWS\SYSTEM32;C:\WINDOWS\WinSxS\amd64_microsoft.windows.common-controls_6595b64144ccf1df_6.0.17763.253_none_05b2388e0721fece;C:\Program Files\Java\jdk-11.0.2\bin\server

VM Arguments:
jvm_args: -Dclassworlds.conf=C:\apache-maven-3.5.4\bin\..\bin\m2.conf -Dmaven.home=C:\apache-maven-3.5.4\bin\.. -Dlibrary.jansi.path=C:\apache-maven-3.5.4\bin\..\lib\jansi-native -Dmaven.multiModuleProjectDirectory=C:\Users\Vlad\Projects\semviz 
java_command: org.codehaus.plexus.classworlds.launcher.Launcher -Dexec.args=-classpath %classpath com.movlad.semviz.view.MainWindow -Dexec.executable=C:\Program Files\Java\jdk-11.0.2\bin\java.exe -Dmaven.ext.class.path=C:\netbeans\java\maven-nblib\netbeans-eventspy.jar org.codehaus.mojo:exec-maven-plugin:1.2.1:exec
java_class_path (initial): C:\apache-maven-3.5.4\bin\..\boot\plexus-classworlds-2.5.2.jar
Launcher Type: SUN_STANDARD

[Global flags]
     intx CICompilerCount                          = 3                                         {product} {ergonomic}
     uint ConcGCThreads                            = 1                                         {product} {ergonomic}
     uint G1ConcRefinementThreads                  = 4                                         {product} {ergonomic}
   size_t G1HeapRegionSize                         = 1048576                                   {product} {ergonomic}
    uintx GCDrainStackTargetSize                   = 64                                        {product} {ergonomic}
   size_t InitialHeapSize                          = 130023424                                 {product} {ergonomic}
   size_t MarkStackSize                            = 4194304                                   {product} {ergonomic}
   size_t MaxHeapSize                              = 2076180480                                {product} {ergonomic}
   size_t MinHeapDeltaBytes                        = 1048576                                   {product} {ergonomic}
    uintx NonNMethodCodeHeapSize                   = 5830092                                {pd product} {ergonomic}
    uintx NonProfiledCodeHeapSize                  = 122914074                              {pd product} {ergonomic}
    uintx ProfiledCodeHeapSize                     = 122914074                              {pd product} {ergonomic}
    uintx ReservedCodeCacheSize                    = 251658240                              {pd product} {ergonomic}
     bool SegmentedCodeCache                       = true                                      {product} {ergonomic}
     bool UseCompressedClassPointers               = true                                 {lp64_product} {ergonomic}
     bool UseCompressedOops                        = true                                 {lp64_product} {ergonomic}
     bool UseG1GC                                  = true                                      {product} {ergonomic}
     bool UseLargePagesIndividualAllocation        = false                                  {pd product} {ergonomic}

Logging:
Log output configuration:
 #0: stdout all=warning uptime,level,tags
 #1: stderr all=off uptime,level,tags

Environment Variables:
JAVA_HOME=C:\Program Files\Java\jdk-11.0.2
PATH=C:\Program Files (x86)\NVIDIA Corporation\PhysX\Common;C:\Program Files (x86)\Intel\Intel(R) Management Engine Components\iCLS\;C:\Program Files\Intel\Intel(R) Management Engine Components\iCLS\;C:\Program Files (x86)\Common Files\Oracle\Java\javapath;C:\WINDOWS\system32;C:\WINDOWS;C:\WINDOWS\System32\Wbem;C:\WINDOWS\System32\WindowsPowerShell\v1.0\;C:\Program Files\nodejs\;C:\WINDOWS\System32\OpenSSH\;C:\Program Files\dotnet\;C:\Program Files\Git\cmd;C:\Android;C:\Windows\System32;C:\Program Files (x86)\Intel\Intel(R) Management Engine Components\DAL;C:\Program Files\Intel\Intel(R) Management Engine Components\DAL;C:\Program Files\Calibre2\;C:\Program Files\Microsoft SQL Server\130\Tools\Binn\;C:\Users\Vlad\.windows-build-tools\python27\;C:\Program Files\nodejs\node_modules\npm\node_modules\npm-lifecycle\node-gyp-bin;C:\Users\Vlad\AppData\Roaming\npm\node_modules\windows-build-tools\node_modules\.bin;C:\Users\Vlad\AppData\Roaming\npm\node_modules\.bin;C:\Program Files (x86)\Common Files\Oracle\Java\javapath;C:\WINDOWS\system32;C:\WINDOWS;C:\WINDOWS\System32\Wbem;C:\WINDOWS\System32\WindowsPowerShell\v1.0\;C:\Program Files\nodejs\;C:\WINDOWS\System32\OpenSSH\;C:\Program Files\dotnet\;C:\Program Files\Git\cmd;C:\Users\Vlad\AppData\Local\Programs\Python\Python37-32\Scripts\;C:\Users\Vlad\AppData\Local\Programs\Python\Python37-32\;C:\Users\Vlad\AppData\Local\Microsoft\WindowsApps;C:\Users\Vlad\AppData\Roaming\npm;C:\Program Files\CMake\bin;C:\Program Files\MongoDB\Server\4.0\bin;C:\Users\Vlad\AppData\Local\Programs\Microsoft VS Code\bin;C:\apache-maven-3.5.4\bin;C:\Program Files\Java\jdk1.8.0_181\bin;C:\gradle-4.10.2\bin;C:\Users\Vlad\AppData\Local\Microsoft\WindowsApps;C:\Program Files\PCL 1.8.1\bin;C:\Program Files\PCL 1.8.1\3rdParty\Boost\lib;C:\Program Files\PCL 1.8.1\3rdParty\Eigen\eigen3\Eigen;C:\Program Files\PCL 1.8.1\3rdParty\FLANN\bin;C:\Program Files\PCL 1.8.1\3rdParty\Qhull\bin;C:\Program Files\PCL 1.8.1\3rdParty\VTK\bin;C:\Program Files\OpenNI2\Redist;;C
USERNAME=Vlad
OS=Windows_NT
PROCESSOR_IDENTIFIER=Intel64 Family 6 Model 142 Stepping 9, GenuineIntel



---------------  S Y S T E M  ---------------

OS: Windows 10 , 64 bit Build 17763 (10.0.17763.1)

CPU:total 4 (initial active 4) (2 cores per cpu, 2 threads per core) family 6 model 142 stepping 9, cmov, cx8, fxsr, mmx, sse, sse2, sse3, ssse3, sse4.1, sse4.2, popcnt, avx, avx2, aes, clmul, erms, 3dnowpref, lzcnt, ht, tsc, tscinvbit, bmi1, bmi2, adx, fma

Memory: 4k page, system-wide physical 7919M (2165M free)
TotalPageFile size 32495M (AvailPageFile size 3M)
current process WorkingSet (physical memory assigned to process): 11M, peak: 11M
current process commit charge ("private bytes"): 178M, peak: 178M

vm_info: Java HotSpot(TM) 64-Bit Server VM (11.0.2+9-LTS) for windows-amd64 JRE (11.0.2+9-LTS), built on Jan 18 2019 05:24:10 by "mach5one" with MS VC++ 15.5 (VS2017)

END.
