#
# A fatal error has been detected by the Java Runtime Environment:
#
#  EXCEPTION_ACCESS_VIOLATION (0xc0000005) at pc=0x0000000066b6114e, pid=5900, tid=0x0000000000003cd0
#
# JRE version: Java(TM) SE Runtime Environment (8.0_181-b13) (build 1.8.0_181-b13)
# Java VM: Java HotSpot(TM) 64-Bit Server VM (25.181-b13 mixed mode windows-amd64 compressed oops)
# Problematic frame:
# V  [jvm.dll+0x1e114e]
#
# Failed to write core dump. Minidumps are not enabled by default on client versions of Windows
#
# If you would like to submit a bug report, please visit:
#   http://bugreport.java.com/bugreport/crash.jsp
#

---------------  T H R E A D  ---------------

Current thread (0x000000001a55a000):  JavaThread "main-Display-.windows_nil-1-EDT-1" daemon [_thread_in_vm, id=15568, stack(0x0000000026480000,0x0000000026580000)]

siginfo: ExceptionCode=0xc0000005, writing address 0x0000000000000000

Registers:
RAX=0x000000003f800000, RBX=0x000000001a55a000, RCX=0x0000000000000a00, RDX=0x000000002657eac8
RSP=0x000000002657ea70, RBP=0x0000000000000000, RSI=0x0000000000000000, RDI=0x0000000000000000
R8 =0x0000000000000000, R9 =0x0000000000000000, R10=0x0000000003248254, R11=0x0000000003248218
R12=0x0000000000000000, R13=0x000000002657eb18, R14=0x000000002657ebb8, R15=0x000000001a55a000
RIP=0x0000000066b6114e, EFLAGS=0x0000000000010246

Top of Stack: (sp=0x000000002657ea70)
0x000000002657ea70:   000000001a55a000 0000000066aafcb0
0x000000002657ea80:   000000001a55a000 0000000026580790
0x000000002657ea90:   000000003f800000 00000000032482d2
0x000000002657eaa0:   0000000016e5d648 000000002657eb00
0x000000002657eab0:   0000000000000158 000000002658075e
0x000000002657eac0:   000000003f800000 00000000d9020810
0x000000002657ead0:   0000000000000000 00000000000000b6
0x000000002657eae0:   000000002657eb88 0000000002e04ecc
0x000000002657eaf0:   0000000000000300 00000000000000b6
0x000000002657eb00:   000000002657eb88 0000000002de835d
0x000000002657eb10:   0000000002de835d 000000003f800000
0x000000002657eb20:   000000001a55a000 0000000000000000
0x000000002657eb30:   0000000000000158 0000000000000000
0x000000002657eb40:   00000000d9020810 000000002657eb48
0x000000002657eb50:   000000002658075e 000000002657ebb8
0x000000002657eb60:   0000000026590028 0000000000000000 

Instructions: (pc=0x0000000066b6114e)
0x0000000066b6112e:   08 48 8b cb e8 69 26 06 00 c7 83 70 02 00 00 06
0x0000000066b6113e:   00 00 00 48 85 f6 74 03 48 8b 3e 48 8b 44 24 50
0x0000000066b6114e:   48 89 04 2f 48 8b 7b 48 48 8b 47 10 48 8b 77 08
0x0000000066b6115e:   48 83 38 00 74 15 48 8b 57 28 48 8b ce e8 30 d8 


Register to memory mapping:

RAX=0x000000003f800000 is an unknown value
RBX=0x000000001a55a000 is a thread
RCX=0x0000000000000a00 is an unknown value
RDX=0x000000002657eac8 is pointing into the stack for thread: 0x000000001a55a000
RSP=0x000000002657ea70 is pointing into the stack for thread: 0x000000001a55a000
RBP=0x0000000000000000 is an unknown value
RSI=0x0000000000000000 is an unknown value
RDI=0x0000000000000000 is an unknown value
R8 =0x0000000000000000 is an unknown value
R9 =0x0000000000000000 is an unknown value
R10=0x0000000003248254 is at entry_point+84 in (nmethod*)0x0000000003248090
R11=0x0000000003248218 is at entry_point+24 in (nmethod*)0x0000000003248090
R12=0x0000000000000000 is an unknown value
R13=0x000000002657eb18 is pointing into the stack for thread: 0x000000001a55a000
R14=0x000000002657ebb8 is pointing into the stack for thread: 0x000000001a55a000
R15=0x000000001a55a000 is a thread


Stack: [0x0000000026480000,0x0000000026580000],  sp=0x000000002657ea70,  free space=1018k
Native frames: (J=compiled Java code, j=interpreted, Vv=VM code, C=native code)

Java frames: (J=compiled Java code, j=interpreted, Vv=VM code)
J 1256  sun.misc.Unsafe.putLong(Ljava/lang/Object;JJ)V (0 bytes) @ 0x0000000003248254 [0x0000000003248200+0x54]
j  org.joml.internal.MemUtil$MemUtilUnsafe.putLong(Ljava/lang/Object;JJ)V+6
j  org.joml.internal.MemUtil$MemUtilUnsafe.put(Lorg/joml/Matrix4f;J)V+34
j  org.joml.internal.MemUtil$MemUtilUnsafe.put(Lorg/joml/Matrix4f;ILjava/nio/FloatBuffer;)V+28
j  org.joml.Matrix4f.get(ILjava/nio/FloatBuffer;)Ljava/nio/FloatBuffer;+6
j  org.joml.Matrix4f.get(Ljava/nio/FloatBuffer;)Ljava/nio/FloatBuffer;+6
j  com.movlad.semviz.TestEventListener.display(Lcom/jogamp/opengl/GLAutoDrawable;)V+74
j  jogamp.opengl.GLDrawableHelper.displayImpl(Lcom/jogamp/opengl/GLAutoDrawable;)V+62
j  jogamp.opengl.GLDrawableHelper.display(Lcom/jogamp/opengl/GLAutoDrawable;)V+2
j  jogamp.opengl.GLAutoDrawableBase$2.run()V+59
j  jogamp.opengl.GLDrawableHelper.invokeGLImpl(Lcom/jogamp/opengl/GLDrawable;Lcom/jogamp/opengl/GLContext;Ljava/lang/Runnable;Ljava/lang/Runnable;)V+203
j  jogamp.opengl.GLDrawableHelper.invokeGL(Lcom/jogamp/opengl/GLDrawable;Lcom/jogamp/opengl/GLContext;Ljava/lang/Runnable;Ljava/lang/Runnable;)V+72
j  com.jogamp.newt.opengl.GLWindow.display()V+90
j  jogamp.opengl.GLAutoDrawableBase.defaultWindowResizedOp(II)V+206
j  com.jogamp.newt.opengl.GLWindow.access$200(Lcom/jogamp/newt/opengl/GLWindow;II)V+3
j  com.jogamp.newt.opengl.GLWindow$2.windowResized(Lcom/jogamp/newt/event/WindowEvent;)V+18
j  jogamp.newt.WindowImpl.consumeWindowEvent(Lcom/jogamp/newt/event/WindowEvent;)V+234
j  jogamp.newt.WindowImpl.sendWindowEvent(I)V+14
j  jogamp.newt.WindowImpl.setVisibleActionImpl(Z)V+691
j  jogamp.newt.WindowImpl$VisibleAction.run()V+8
j  com.jogamp.common.util.RunnableTask.run()V+198
j  jogamp.newt.DefaultEDTUtil$NEDT.run()V+221
v  ~StubRoutines::call_stub

---------------  P R O C E S S  ---------------

Java Threads: ( => current thread )
=>0x000000001a55a000 JavaThread "main-Display-.windows_nil-1-EDT-1" daemon [_thread_in_vm, id=15568, stack(0x0000000026480000,0x0000000026580000)]
  0x0000000019c90800 JavaThread "main-SharedResourceRunner" daemon [_thread_blocked, id=11516, stack(0x000000001d020000,0x000000001d120000)]
  0x0000000019b6a800 JavaThread "AWT-EventQueue-0" [_thread_blocked, id=18972, stack(0x000000001bd10000,0x000000001be10000)]
  0x0000000019b62800 JavaThread "AWT-Windows" daemon [_thread_in_native, id=8404, stack(0x000000001ba20000,0x000000001bb20000)]
  0x0000000019b5d800 JavaThread "AWT-Shutdown" [_thread_blocked, id=18276, stack(0x000000001b920000,0x000000001ba20000)]
  0x0000000019b53800 JavaThread "Java2D Disposer" daemon [_thread_blocked, id=2892, stack(0x000000001b820000,0x000000001b920000)]
  0x00000000198f2000 JavaThread "ReaderThread" [_thread_in_native, id=14144, stack(0x0000000019ed0000,0x0000000019fd0000)]
  0x0000000019110000 JavaThread "Service Thread" daemon [_thread_blocked, id=3900, stack(0x00000000194d0000,0x00000000195d0000)]
  0x0000000017791000 JavaThread "C1 CompilerThread2" daemon [_thread_blocked, id=11876, stack(0x0000000018fd0000,0x00000000190d0000)]
  0x000000001778c800 JavaThread "C2 CompilerThread1" daemon [_thread_in_native, id=15460, stack(0x0000000018ed0000,0x0000000018fd0000)]
  0x0000000017784000 JavaThread "C2 CompilerThread0" daemon [_thread_blocked, id=12156, stack(0x0000000018dd0000,0x0000000018ed0000)]
  0x0000000017782800 JavaThread "Attach Listener" daemon [_thread_blocked, id=12616, stack(0x0000000018cd0000,0x0000000018dd0000)]
  0x0000000017781000 JavaThread "Signal Dispatcher" daemon [_thread_blocked, id=676, stack(0x0000000018bd0000,0x0000000018cd0000)]
  0x0000000002dde000 JavaThread "Finalizer" daemon [_thread_blocked, id=16628, stack(0x00000000189e0000,0x0000000018ae0000)]
  0x0000000017748800 JavaThread "Reference Handler" daemon [_thread_blocked, id=10164, stack(0x00000000188e0000,0x00000000189e0000)]
  0x0000000002ce4000 JavaThread "main" [_thread_blocked, id=15544, stack(0x0000000002be0000,0x0000000002ce0000)]

Other Threads:
  0x0000000017747800 VMThread [stack: 0x00000000187e0000,0x00000000188e0000] [id=2104]
  0x00000000177dc000 WatcherThread [stack: 0x00000000195d0000,0x00000000196d0000] [id=10744]

VM state:not at safepoint (normal execution)

VM Mutex/Monitor currently owned by a thread: None

Heap:
 PSYoungGen      total 36864K, used 7886K [0x00000000d6c00000, 0x00000000d9500000, 0x0000000100000000)
  eden space 31744K, 8% used [0x00000000d6c00000,0x00000000d6eb9428,0x00000000d8b00000)
  from space 5120K, 99% used [0x00000000d9000000,0x00000000d94fa640,0x00000000d9500000)
  to   space 5120K, 0% used [0x00000000d8b00000,0x00000000d8b00000,0x00000000d9000000)
 ParOldGen       total 84992K, used 1912K [0x0000000084400000, 0x0000000089700000, 0x00000000d6c00000)
  object space 84992K, 2% used [0x0000000084400000,0x00000000845de278,0x0000000089700000)
 Metaspace       used 18686K, capacity 19310K, committed 19456K, reserved 1067008K
  class space    used 1901K, capacity 2047K, committed 2048K, reserved 1048576K

Card table byte_map: [0x00000000121a0000,0x0000000012580000] byte_map_base: 0x0000000011d7e000

Marking Bits: (ParMarkBitMap*) 0x00000000671a2d00
 Begin Bits: [0x0000000012c20000, 0x0000000014b10000)
 End Bits:   [0x0000000014b10000, 0x0000000016a00000)

Polling page: 0x0000000002a40000

CodeCache: size=245760Kb used=4805Kb max_used=4805Kb free=240954Kb
 bounds [0x0000000002de0000, 0x00000000032a0000, 0x0000000011de0000]
 total_blobs=2163 nmethods=1352 adapters=723
 compilation: enabled

Compilation events (10 events):
Event: 2.276 Thread 0x0000000017791000 nmethod 1348 0x0000000003292090 code [0x0000000003292220, 0x00000000032926b8]
Event: 2.276 Thread 0x0000000017791000 1349       3       java.nio.Buffer::position (43 bytes)
Event: 2.276 Thread 0x0000000017791000 nmethod 1349 0x00000000032928d0 code [0x0000000003292a40, 0x0000000003292d08]
Event: 2.323 Thread 0x000000001778c800 1350   !   4       java.util.jar.Attributes::read (380 bytes)
Event: 2.334 Thread 0x0000000017791000 1351       3       java.lang.Character::getType (9 bytes)
Event: 2.334 Thread 0x0000000017791000 nmethod 1351 0x0000000003292dd0 code [0x0000000003292f40, 0x0000000003293178]
Event: 2.335 Thread 0x0000000017791000 1352       3       java.lang.CharacterDataLatin1::getType (11 bytes)
Event: 2.335 Thread 0x0000000017791000 nmethod 1352 0x0000000003293250 code [0x00000000032933c0, 0x00000000032935b0]
Event: 2.335 Thread 0x0000000017791000 1353       3       java.util.ArrayList$SubList$1::hasNext (20 bytes)
Event: 2.335 Thread 0x0000000017791000 nmethod 1353 0x0000000003293710 code [0x0000000003293860, 0x0000000003293a10]

GC Heap History (4 events):
Event: 1.370 GC heap before
{Heap before GC invocations=1 (full 0):
 PSYoungGen      total 36864K, used 31378K [0x00000000d6c00000, 0x00000000d9500000, 0x0000000100000000)
  eden space 31744K, 98% used [0x00000000d6c00000,0x00000000d8aa4a40,0x00000000d8b00000)
  from space 5120K, 0% used [0x00000000d9000000,0x00000000d9000000,0x00000000d9500000)
  to   space 5120K, 0% used [0x00000000d8b00000,0x00000000d8b00000,0x00000000d9000000)
 ParOldGen       total 84992K, used 0K [0x0000000084400000, 0x0000000089700000, 0x00000000d6c00000)
  object space 84992K, 0% used [0x0000000084400000,0x0000000084400000,0x0000000089700000)
 Metaspace       used 12518K, capacity 13250K, committed 13568K, reserved 1060864K
  class space    used 1535K, capacity 1696K, committed 1792K, reserved 1048576K
Event: 1.377 GC heap after
Heap after GC invocations=1 (full 0):
 PSYoungGen      total 36864K, used 5111K [0x00000000d6c00000, 0x00000000d9500000, 0x0000000100000000)
  eden space 31744K, 0% used [0x00000000d6c00000,0x00000000d6c00000,0x00000000d8b00000)
  from space 5120K, 99% used [0x00000000d8b00000,0x00000000d8ffddd8,0x00000000d9000000)
  to   space 5120K, 0% used [0x00000000d9000000,0x00000000d9000000,0x00000000d9500000)
 ParOldGen       total 84992K, used 557K [0x0000000084400000, 0x0000000089700000, 0x00000000d6c00000)
  object space 84992K, 0% used [0x0000000084400000,0x000000008448b688,0x0000000089700000)
 Metaspace       used 12518K, capacity 13250K, committed 13568K, reserved 1060864K
  class space    used 1535K, capacity 1696K, committed 1792K, reserved 1048576K
}
Event: 2.117 GC heap before
{Heap before GC invocations=2 (full 0):
 PSYoungGen      total 36864K, used 36855K [0x00000000d6c00000, 0x00000000d9500000, 0x0000000100000000)
  eden space 31744K, 100% used [0x00000000d6c00000,0x00000000d8b00000,0x00000000d8b00000)
  from space 5120K, 99% used [0x00000000d8b00000,0x00000000d8ffddd8,0x00000000d9000000)
  to   space 5120K, 0% used [0x00000000d9000000,0x00000000d9000000,0x00000000d9500000)
 ParOldGen       total 84992K, used 557K [0x0000000084400000, 0x0000000089700000, 0x00000000d6c00000)
  object space 84992K, 0% used [0x0000000084400000,0x000000008448b688,0x0000000089700000)
 Metaspace       used 17677K, capacity 18382K, committed 18688K, reserved 1067008K
  class space    used 1852K, capacity 2015K, committed 2048K, reserved 1048576K
Event: 2.123 GC heap after
Heap after GC invocations=2 (full 0):
 PSYoungGen      total 36864K, used 5097K [0x00000000d6c00000, 0x00000000d9500000, 0x0000000100000000)
  eden space 31744K, 0% used [0x00000000d6c00000,0x00000000d6c00000,0x00000000d8b00000)
  from space 5120K, 99% used [0x00000000d9000000,0x00000000d94fa640,0x00000000d9500000)
  to   space 5120K, 0% used [0x00000000d8b00000,0x00000000d8b00000,0x00000000d9000000)
 ParOldGen       total 84992K, used 1912K [0x0000000084400000, 0x0000000089700000, 0x00000000d6c00000)
  object space 84992K, 2% used [0x0000000084400000,0x00000000845de278,0x0000000089700000)
 Metaspace       used 17677K, capacity 18382K, committed 18688K, reserved 1067008K
  class space    used 1852K, capacity 2015K, committed 2048K, reserved 1048576K
}

Deoptimization events (8 events):
Event: 0.149 Thread 0x0000000002ce4000 Uncommon trap: reason=unstable_if action=reinterpret pc=0x0000000002f04ca4 method=java.lang.String.hashCode()I @ 14
Event: 0.500 Thread 0x0000000002ce4000 Uncommon trap: reason=unstable_if action=reinterpret pc=0x0000000003084ad8 method=java.util.HashMap.putVal(ILjava/lang/Object;Ljava/lang/Object;ZZ)Ljava/lang/Object; @ 94
Event: 0.515 Thread 0x0000000002ce4000 Uncommon trap: reason=unstable_if action=reinterpret pc=0x00000000030914bc method=java.util.HashMap.getNode(ILjava/lang/Object;)Ljava/util/HashMap$Node; @ 129
Event: 0.619 Thread 0x0000000002ce4000 Uncommon trap: reason=unstable_if action=reinterpret pc=0x0000000003107100 method=jdk.internal.org.objectweb.asm.Type.getArgumentsAndReturnSizes(Ljava/lang/String;)I @ 47
Event: 0.748 Thread 0x0000000002ce4000 Uncommon trap: reason=unstable_if action=reinterpret pc=0x00000000030944c8 method=java.lang.AbstractStringBuilder.append(Ljava/lang/String;)Ljava/lang/AbstractStringBuilder; @ 1
Event: 0.775 Thread 0x0000000002ce4000 Uncommon trap: reason=unstable_if action=reinterpret pc=0x0000000003174f48 method=java.io.WinNTFileSystem.normalize(Ljava/lang/String;)Ljava/lang/String; @ 128
Event: 2.059 Thread 0x0000000002ce4000 Uncommon trap: reason=unstable_if action=reinterpret pc=0x000000000325c2f4 method=java.lang.reflect.AccessibleObject.setAccessible0(Ljava/lang/reflect/AccessibleObject;Z)V @ 4
Event: 2.195 Thread 0x000000001a55a000 Uncommon trap: reason=unstable_if action=reinterpret pc=0x00000000030c8610 method=java.util.HashMap.putVal(ILjava/lang/Object;Ljava/lang/Object;ZZ)Ljava/lang/Object; @ 162

Classes redefined (0 events):
No events

Internal exceptions (10 events):
Event: 0.431 Thread 0x0000000002ce4000 Exception <a 'java/lang/NoSuchMethodError': java.lang.Object.lambda$or$2(Ljava/util/function/Predicate;Ljava/lang/Object;)Z> (0x00000000d79496d0) thrown at [C:\re\workspace\8-2-build-windows-amd64-cygwin\jdk8u181\11358\hotspot\src\share\vm\interpreter\lin
Event: 0.479 Thread 0x0000000002ce4000 Exception <a 'java/lang/IncompatibleClassChangeError': Found class java.lang.Object, but interface was expected> (0x00000000d7a74380) thrown at [C:\re\workspace\8-2-build-windows-amd64-cygwin\jdk8u181\11358\hotspot\src\share\vm\interpreter\linkResolver.cp
Event: 0.528 Thread 0x0000000002ce4000 Exception <a 'java/lang/NoSuchMethodError': java.lang.Object.lambda$andThen$1(Ljava/util/function/Function;Ljava/lang/Object;)Ljava/lang/Object;> (0x00000000d7bf1ee8) thrown at [C:\re\workspace\8-2-build-windows-amd64-cygwin\jdk8u181\11358\hotspot\src\sha
Event: 0.570 Thread 0x0000000002ce4000 Exception <a 'java/lang/NoSuchMethodError': java.lang.Object.lambda$accept$0(Lorg/junit/platform/engine/TestDescriptor$Visitor;Lorg/junit/platform/engine/TestDescriptor;)V> (0x00000000d7d10e28) thrown at [C:\re\workspace\8-2-build-windows-amd64-cygwin\jdk
Event: 0.571 Thread 0x0000000002ce4000 Exception <a 'java/lang/IncompatibleClassChangeError': Found class java.lang.Object, but interface was expected> (0x00000000d7d1f7c0) thrown at [C:\re\workspace\8-2-build-windows-amd64-cygwin\jdk8u181\11358\hotspot\src\share\vm\interpreter\linkResolver.cp
Event: 0.573 Thread 0x0000000002ce4000 Exception <a 'java/lang/NoSuchMethodError': java.lang.Object.containsTests(Lorg/junit/platform/engine/TestDescriptor;)Z> (0x00000000d7d27468) thrown at [C:\re\workspace\8-2-build-windows-amd64-cygwin\jdk8u181\11358\hotspot\src\share\vm\interpreter\linkRes
Event: 0.671 Thread 0x0000000002ce4000 Exception <a 'java/lang/NoSuchMethodError': java.lang.Object.lambda$and$0(Ljava/util/function/Predicate;Ljava/lang/Object;)Z> (0x00000000d815c320) thrown at [C:\re\workspace\8-2-build-windows-amd64-cygwin\jdk8u181\11358\hotspot\src\share\vm\interpreter\li
Event: 0.748 Thread 0x0000000002ce4000 Implicit null exception at 0x0000000003094116 to 0x00000000030944b1
Event: 1.297 Thread 0x0000000002ce4000 Exception <a 'java/io/FileNotFoundException'> (0x00000000d87d0058) thrown at [C:\re\workspace\8-2-build-windows-amd64-cygwin\jdk8u181\11358\hotspot\src\share\vm\prims\jni.cpp, line 709]
Event: 1.334 Thread 0x0000000002ce4000 Exception <a 'java/io/FileNotFoundException'> (0x00000000d88ce8a8) thrown at [C:\re\workspace\8-2-build-windows-amd64-cygwin\jdk8u181\11358\hotspot\src\share\vm\prims\jni.cpp, line 709]

Events (10 events):
Event: 2.335 loading class java/nio/HeapFloatBuffer
Event: 2.335 loading class java/nio/HeapFloatBuffer done
Event: 2.335 loading class com/movlad/semviz/core/VertexArrayObject
Event: 2.335 loading class com/movlad/semviz/core/VertexArrayObject done
Event: 2.336 loading class com/movlad/semviz/core/VertexBufferObject
Event: 2.336 loading class com/movlad/semviz/core/VertexBufferObject done
Event: 2.337 loading class com/movlad/semviz/core/BufferLayout
Event: 2.337 loading class com/movlad/semviz/core/BufferLayout done
Event: 2.337 loading class com/movlad/semviz/core/BufferLayoutElement
Event: 2.337 loading class com/movlad/semviz/core/BufferLayoutElement done


Dynamic libraries:
0x00007ff7c7520000 - 0x00007ff7c7557000 	C:\Program Files\Java\jdk1.8.0_181\bin\javaw.exe
0x00007ffa41f40000 - 0x00007ffa42121000 	C:\WINDOWS\SYSTEM32\ntdll.dll
0x00007ffa41bc0000 - 0x00007ffa41c72000 	C:\WINDOWS\System32\KERNEL32.DLL
0x00007ffa3e310000 - 0x00007ffa3e583000 	C:\WINDOWS\System32\KERNELBASE.dll
0x00007ffa40280000 - 0x00007ffa40321000 	C:\WINDOWS\System32\ADVAPI32.dll
0x00007ffa41e60000 - 0x00007ffa41efe000 	C:\WINDOWS\System32\msvcrt.dll
0x00007ffa403b0000 - 0x00007ffa4040b000 	C:\WINDOWS\System32\sechost.dll
0x00007ffa3f580000 - 0x00007ffa3f6a4000 	C:\WINDOWS\System32\RPCRT4.dll
0x00007ffa3f6e0000 - 0x00007ffa3f870000 	C:\WINDOWS\System32\USER32.dll
0x00007ffa3f3b0000 - 0x00007ffa3f3d0000 	C:\WINDOWS\System32\win32u.dll
0x00007ffa3fe80000 - 0x00007ffa3fea8000 	C:\WINDOWS\System32\GDI32.dll
0x00007ffa3f170000 - 0x00007ffa3f302000 	C:\WINDOWS\System32\gdi32full.dll
0x00007ffa3f310000 - 0x00007ffa3f3af000 	C:\WINDOWS\System32\msvcp_win.dll
0x00007ffa3e8b0000 - 0x00007ffa3e9aa000 	C:\WINDOWS\System32\ucrtbase.dll
0x00007ffa30b40000 - 0x00007ffa30da9000 	C:\WINDOWS\WinSxS\amd64_microsoft.windows.common-controls_6595b64144ccf1df_6.0.17134.407_none_fb449d63306391e9\COMCTL32.dll
0x00007ffa41860000 - 0x00007ffa41b82000 	C:\WINDOWS\System32\combase.dll
0x00007ffa3e640000 - 0x00007ffa3e6ba000 	C:\WINDOWS\System32\bcryptPrimitives.dll
0x00007ffa3f6b0000 - 0x00007ffa3f6dd000 	C:\WINDOWS\System32\IMM32.DLL
0x0000000067230000 - 0x0000000067302000 	C:\Program Files\Java\jdk1.8.0_181\jre\bin\msvcr100.dll
0x0000000066980000 - 0x0000000067222000 	C:\Program Files\Java\jdk1.8.0_181\jre\bin\server\jvm.dll
0x00007ffa41f00000 - 0x00007ffa41f08000 	C:\WINDOWS\System32\PSAPI.DLL
0x00007ffa2e520000 - 0x00007ffa2e529000 	C:\WINDOWS\SYSTEM32\WSOCK32.dll
0x00007ffa3bdc0000 - 0x00007ffa3bde3000 	C:\WINDOWS\SYSTEM32\WINMM.dll
0x00007ffa40210000 - 0x00007ffa4027c000 	C:\WINDOWS\System32\WS2_32.dll
0x00007ffa2e0c0000 - 0x00007ffa2e0ca000 	C:\WINDOWS\SYSTEM32\VERSION.dll
0x00007ffa3bd90000 - 0x00007ffa3bdba000 	C:\WINDOWS\SYSTEM32\WINMMBASE.dll
0x00007ffa3ea10000 - 0x00007ffa3ea59000 	C:\WINDOWS\System32\cfgmgr32.dll
0x0000000066970000 - 0x000000006697f000 	C:\Program Files\Java\jdk1.8.0_181\jre\bin\verify.dll
0x0000000066940000 - 0x0000000066969000 	C:\Program Files\Java\jdk1.8.0_181\jre\bin\java.dll
0x0000000066920000 - 0x0000000066936000 	C:\Program Files\Java\jdk1.8.0_181\jre\bin\zip.dll
0x00007ffa40420000 - 0x00007ffa4185f000 	C:\WINDOWS\System32\SHELL32.dll
0x00007ffa3f3d0000 - 0x00007ffa3f479000 	C:\WINDOWS\System32\shcore.dll
0x00007ffa3ea60000 - 0x00007ffa3f16d000 	C:\WINDOWS\System32\windows.storage.dll
0x00007ffa41c80000 - 0x00007ffa41cd1000 	C:\WINDOWS\System32\shlwapi.dll
0x00007ffa3e2f0000 - 0x00007ffa3e301000 	C:\WINDOWS\System32\kernel.appcore.dll
0x00007ffa3e280000 - 0x00007ffa3e29f000 	C:\WINDOWS\System32\profapi.dll
0x00007ffa3e2a0000 - 0x00007ffa3e2ec000 	C:\WINDOWS\System32\powrprof.dll
0x00007ffa3e270000 - 0x00007ffa3e27a000 	C:\WINDOWS\System32\FLTLIB.DLL
0x0000000066900000 - 0x000000006691a000 	C:\Program Files\Java\jdk1.8.0_181\jre\bin\net.dll
0x00007ffa3dad0000 - 0x00007ffa3db36000 	C:\WINDOWS\system32\mswsock.dll
0x00007ffa3dc80000 - 0x00007ffa3dc97000 	C:\WINDOWS\SYSTEM32\CRYPTSP.dll
0x00007ffa3d6b0000 - 0x00007ffa3d6e3000 	C:\WINDOWS\system32\rsaenh.dll
0x00007ffa3ddb0000 - 0x00007ffa3ddd5000 	C:\WINDOWS\SYSTEM32\bcrypt.dll
0x00007ffa3e180000 - 0x00007ffa3e1a8000 	C:\WINDOWS\SYSTEM32\USERENV.dll
0x00007ffa3dca0000 - 0x00007ffa3dcab000 	C:\WINDOWS\SYSTEM32\CRYPTBASE.dll
0x00007ffa3d850000 - 0x00007ffa3d888000 	C:\WINDOWS\SYSTEM32\IPHLPAPI.DLL
0x00007ffa40410000 - 0x00007ffa40418000 	C:\WINDOWS\System32\NSI.dll
0x00007ffa32390000 - 0x00007ffa323a6000 	C:\WINDOWS\SYSTEM32\dhcpcsvc6.DLL
0x00007ffa32370000 - 0x00007ffa3238a000 	C:\WINDOWS\SYSTEM32\dhcpcsvc.DLL
0x00000000668e0000 - 0x00000000668f1000 	C:\Program Files\Java\jdk1.8.0_181\jre\bin\nio.dll
0x00007ffa3c590000 - 0x00007ffa3c61b000 	C:\WINDOWS\system32\apphelp.dll
0x00000000637c0000 - 0x00000000637cd000 	C:\Users\Vlad\AppData\Local\Temp\jogamp_0000\file_cache\jln4168116369663047873\jln5583933344283313627\natives\windows-amd64\gluegen-rt.dll
0x0000000066740000 - 0x00000000668d9000 	C:\Program Files\Java\jdk1.8.0_181\jre\bin\awt.dll
0x00007ffa3fcc0000 - 0x00007ffa3fd82000 	C:\WINDOWS\System32\OLEAUT32.dll
0x00007ffa3c750000 - 0x00007ffa3c7e8000 	C:\WINDOWS\system32\uxtheme.dll
0x00007ffa41ce0000 - 0x00007ffa41e53000 	C:\WINDOWS\System32\MSCTF.dll
0x00007ffa3c9a0000 - 0x00007ffa3c9c9000 	C:\WINDOWS\system32\dwmapi.dll
0x00007ffa3feb0000 - 0x00007ffa40001000 	C:\WINDOWS\System32\ole32.dll
0x0000000066730000 - 0x0000000066737000 	C:\Program Files\Java\jdk1.8.0_181\jre\bin\jawt.dll
0x000000006a440000 - 0x000000006a44d000 	C:\Users\Vlad\AppData\Local\Temp\jogamp_0000\file_cache\jln4168116369663047873\jln5583933344283313627\natives\windows-amd64\nativewindow_awt.dll
0x00007ffa2b140000 - 0x00007ffa2b260000 	C:\WINDOWS\system32\opengl32.dll
0x00007ffa2adc0000 - 0x00007ffa2adec000 	C:\WINDOWS\SYSTEM32\GLU32.dll
0x000000006c100000 - 0x000000006c10f000 	C:\Users\Vlad\AppData\Local\Temp\jogamp_0000\file_cache\jln4168116369663047873\jln5583933344283313627\natives\windows-amd64\nativewindow_win32.dll
0x0000000064500000 - 0x00000000645b1000 	C:\Users\Vlad\AppData\Local\Temp\jogamp_0000\file_cache\jln4168116369663047873\jln5583933344283313627\natives\windows-amd64\jogl_desktop.dll
0x0000000064340000 - 0x00000000643a2000 	C:\Users\Vlad\AppData\Local\Temp\jogamp_0000\file_cache\jln4168116369663047873\jln5583933344283313627\natives\windows-amd64\jogl_mobile.dll
0x00007ff9e57b0000 - 0x00007ff9e666f000 	C:\WINDOWS\System32\DriverStore\FileRepository\k127371.inf_amd64_7792492e4c1ee038\ig9icd64.dll
0x00007ffa3aed0000 - 0x00007ffa3aee3000 	C:\WINDOWS\SYSTEM32\WTSAPI32.dll
0x00007ffa3d010000 - 0x00007ffa3d0cb000 	C:\WINDOWS\SYSTEM32\dxgi.dll
0x00007ffa35720000 - 0x00007ffa374b5000 	C:\WINDOWS\System32\DriverStore\FileRepository\k127371.inf_amd64_7792492e4c1ee038\igc64.dll
0x000000006cbc0000 - 0x000000006cbd3000 	C:\Users\Vlad\AppData\Local\Temp\jogamp_0000\file_cache\jln4168116369663047873\jln5583933344283313627\natives\windows-amd64\newt.dll
0x00007ffa2e880000 - 0x00007ffa2e928000 	C:\WINDOWS\SYSTEM32\mscms.dll
0x00007ffa3ab70000 - 0x00007ffa3ab80000 	C:\WINDOWS\SYSTEM32\ColorAdapterClient.dll
0x00007ffa1b280000 - 0x00007ffa1b2c3000 	C:\WINDOWS\SYSTEM32\icm32.dll
0x00007ffa3f870000 - 0x00007ffa3fcbb000 	C:\WINDOWS\System32\setupapi.dll
0x00007ffa3e080000 - 0x00007ffa3e0a7000 	C:\WINDOWS\SYSTEM32\DEVOBJ.dll
0x00007ffa3e9b0000 - 0x00007ffa3ea07000 	C:\WINDOWS\System32\WINTRUST.dll
0x00007ffa3e250000 - 0x00007ffa3e262000 	C:\WINDOWS\System32\MSASN1.dll
0x00007ffa3e6c0000 - 0x00007ffa3e8a2000 	C:\WINDOWS\System32\CRYPT32.dll
0x00007ffa33ef0000 - 0x00007ffa33f86000 	C:\WINDOWS\System32\TextInputFramework.dll
0x00007ffa396a0000 - 0x00007ffa399be000 	C:\WINDOWS\System32\CoreUIComponents.dll
0x00007ffa3c390000 - 0x00007ffa3c46a000 	C:\WINDOWS\System32\CoreMessaging.dll
0x00007ffa3d340000 - 0x00007ffa3d371000 	C:\WINDOWS\SYSTEM32\ntmarta.dll
0x00007ffa39d50000 - 0x00007ffa39e9d000 	C:\WINDOWS\SYSTEM32\wintypes.dll
0x00007ffa2d810000 - 0x00007ffa2d9d9000 	C:\WINDOWS\SYSTEM32\dbghelp.dll

VM Arguments:
jvm_args: -ea -Dfile.encoding=Cp1252 
java_command: org.eclipse.jdt.internal.junit.runner.RemoteTestRunner -version 3 -port 59199 -testLoaderClass org.eclipse.jdt.internal.junit5.runner.JUnit5TestLoader -loaderpluginname org.eclipse.jdt.junit5.runtime -classNames com.movlad.semviz.GLAbstractionTest
java_class_path (initial): C:\Users\Vlad\Projects\semviz\target\test-classes;C:\Users\Vlad\Projects\semviz\target\classes;C:\Users\Vlad\.p2\pool\plugins\org.junit.jupiter.api_5.1.0.v20180327-1502.jar;C:\Users\Vlad\.p2\pool\plugins\org.junit.jupiter.engine_5.1.0.v20180327-1502.jar;C:\Users\Vlad\.p2\pool\plugins\org.junit.jupiter.migrationsupport_5.1.0.v20180327-1502.jar;C:\Users\Vlad\.p2\pool\plugins\org.junit.jupiter.params_5.1.0.v20180327-1502.jar;C:\Users\Vlad\.p2\pool\plugins\org.junit.platform.commons_1.1.0.v20180327-1502.jar;C:\Users\Vlad\.p2\pool\plugins\org.junit.platform.engine_1.1.0.v20180327-1502.jar;C:\Users\Vlad\.p2\pool\plugins\org.junit.platform.launcher_1.1.0.v20180327-1502.jar;C:\Users\Vlad\.p2\pool\plugins\org.junit.platform.runner_1.1.0.v20180327-1502.jar;C:\Users\Vlad\.p2\pool\plugins\org.junit.platform.suite.api_1.1.0.v20180327-1502.jar;C:\Users\Vlad\.p2\pool\plugins\org.junit.vintage.engine_5.1.0.v20180327-1502.jar;C:\Users\Vlad\.p2\pool\plugins\org.opentest4j_1.0.0.v20180327-1502.jar;C:\Users\Vlad\.p2\pool\plugins\org.apiguardian_1.0.0.v20180327-1502.jar;C:\Users\Vlad\.p2\pool\plugins\org.junit_4.12.0.v201504281640\junit.jar;C:\Users\Vlad\.p2\pool\plugins\org.hamcrest.core_1.3.0.v20180420-1519.jar;C:\Users\Vlad\.m2\repository\org\jogamp\jogl\jogl-all-main\2.3.2\jogl-all-main-2.3.2.jar;C:\Users\Vlad\.m2\repository\org\jogamp\jogl\jogl-all\2.3.2\jogl-all-2.3.2.jar;C:\Users\Vlad\.m2\repository\org\jogamp\jogl\jogl-all\2.3.2\jogl-all-2.3.2-natives-android-aarch64.jar;C:\Users\Vlad\.m2\repository\org\jogamp\jogl\jogl-all\2.3.2\jogl-all-2.3.2-natives-android-armv6.jar;C:\Users\Vlad\.m2\repository\org\jogamp\jogl\jogl-all\2.3.2\jogl-all-2.3.2-natives-linux-amd64.jar;C:\Users\Vlad\.m2\repository\org\jogamp\jogl\jogl-all\2.3.2\jogl-all-2.3.2-natives-linux-armv6.jar;C:\Users\Vlad\.m2\repository\org\jogamp\jogl\jogl-all\2.3.2\jogl-all-2.3.2-natives-linux-armv6hf.jar;C:\Users\Vlad\.m2\repository\org\jogamp\jogl\jogl-all\2.3.2\jogl-all-2.3.2-natives-linux
Launcher Type: SUN_STANDARD

Environment Variables:
JAVA_HOME=C:\Program Files\Java\jdk1.8.0_181
PATH=C:/Program Files/Java/jre1.8.0_191/bin/server;C:/Program Files/Java/jre1.8.0_191/bin;C:/Program Files/Java/jre1.8.0_191/lib/amd64;C:\Program Files (x86)\NVIDIA Corporation\PhysX\Common;C:\Program Files (x86)\Intel\Intel(R) Management Engine Components\iCLS\;C:\Program Files\Intel\Intel(R) Management Engine Components\iCLS\;C:\Program Files (x86)\Common Files\Oracle\Java\javapath;C:\WINDOWS\system32;C:\WINDOWS;C:\WINDOWS\System32\Wbem;C:\WINDOWS\System32\WindowsPowerShell\v1.0\;C:\Program Files\nodejs\;C:\WINDOWS\System32\OpenSSH\;C:\Program Files\dotnet\;C:\Program Files\Git\cmd;C:\Android;C:\Windows\System32;C:\Program Files (x86)\Intel\Intel(R) Management Engine Components\DAL;C:\Program Files\Intel\Intel(R) Management Engine Components\DAL;C:\Program Files\Calibre2\;C:\Users\Vlad\.windows-build-tools\python27\;C:\Program Files\nodejs\node_modules\npm\node_modules\npm-lifecycle\node-gyp-bin;C:\Users\Vlad\AppData\Roaming\npm\node_modules\windows-build-tools\node_modules\.bin;C:\Users\Vlad\AppData\Roaming\npm\node_modules\.bin;C:\Program Files (x86)\Common Files\Oracle\Java\javapath;C:\WINDOWS\system32;C:\WINDOWS;C:\WINDOWS\System32\Wbem;C:\WINDOWS\System32\WindowsPowerShell\v1.0\;C:\Program Files\nodejs\;C:\WINDOWS\System32\OpenSSH\;C:\Program Files\dotnet\;C:\Program Files\Git\cmd;C:\Users\Vlad\AppData\Local\Programs\Python\Python37-32\Scripts\;C:\Users\Vlad\AppData\Local\Programs\Python\Python37-32\;C:\Users\Vlad\AppData\Local\Microsoft\WindowsApps;C:\Users\Vlad\AppData\Roaming\npm;C:\Program Files\CMake\bin;C:\Program Files\MongoDB\Server\4.0\bin;C:\Users\Vlad\AppData\Local\Programs\Microsoft VS Code\bin;C:\apache-maven-3.5.4\bin;C:\Program Files\Java\jdk1.8.0_181\bin;C:\apache-maven-3.5.4\bin;C:\gradle-4.10.2\bin;C:\Program Files\PCL 1.8.1\bin;C:\Program Files\OpenNI2\Lib;C:\Program Files\OpenNI2\Redist;C:\Program Files\OpenNI2\Include;C:\Users\Vlad\Projects\pcl-java\lib;;C:\WINDOWS\system32;
USERNAME=Vlad
OS=Windows_NT
PROCESSOR_IDENTIFIER=Intel64 Family 6 Model 142 Stepping 9, GenuineIntel



---------------  S Y S T E M  ---------------

OS: Windows 10.0 , 64 bit Build 17134 (10.0.17134.1)

CPU:total 4 (initial active 4) (2 cores per cpu, 2 threads per core) family 6 model 142 stepping 9, cmov, cx8, fxsr, mmx, sse, sse2, sse3, ssse3, sse4.1, sse4.2, popcnt, avx, avx2, aes, clmul, erms, 3dnowpref, lzcnt, ht, tsc, tscinvbit, bmi1, bmi2, adx

Memory: 4k page, physical 8109920k(1425640k free), swap 15449952k(3188360k free)

vm_info: Java HotSpot(TM) 64-Bit Server VM (25.181-b13) for windows-amd64 JRE (1.8.0_181-b13), built on Jul  7 2018 04:01:33 by "java_re" with MS VC++ 10.0 (VS2010)

time: Tue Nov 27 15:45:30 2018
elapsed time: 2 seconds (0d 0h 0m 2s)

